# JRE version: OpenJDK Runtime Environment Temurin-21.0.12.1+1 (21.0.12.1+1) (build 21.0.12.1+1-LTS)
# Java VM: OpenJDK 64-Bit Server VM Temurin-21.0.12.1+1 (21.0.12.1+1-LTS, mixed mode, sharing, tiered, compressed oops, compressed class ptrs, parallel gc, windows-amd64)
GC Precious Log:
 CardTable entry size: 512
 CPUs: 4 total, 4 available
 Memory: 1910M
 Large Page Support: Disabled
 NUMA Support: Disabled
 Compressed Oops: Enabled (Zero based)
 Alignments: Space 512K, Generation 512K, Heap 2M
 Heap Min Capacity: 100M
 Heap Initial Capacity: 100M
 Heap Max Capacity: 16G
 Pre-touch: Disabled
 Parallel Workers: 4
Heap:
 PSYoungGen      total 23552K, used 15166K [0x00000006aab00000, 0x00000006ac500000, 0x0000000800000000)
  eden space 22016K, 63% used [0x00000006aab00000,0x00000006ab89f820,0x00000006ac080000)
  from space 1536K, 79% used [0x00000006ac180000,0x00000006ac2b0000,0x00000006ac300000)
  to   space 1536K, 0% used [0x00000006ac380000,0x00000006ac380000,0x00000006ac500000)
 ParOldGen       total 68608K, used 23004K [0x0000000400000000, 0x0000000404300000, 0x00000006aab00000)
  object space 68608K, 33% used [0x0000000400000000,0x00000004016773b8,0x0000000404300000)
 Metaspace       used 46816K, committed 48064K, reserved 1114112K
  class space    used 5153K, committed 5696K, reserved 1048576K
GC Heap History (20 events):
Event: 25.548 GC heap before
{Heap before GC invocations=10 (full 1):
 PSYoungGen      total 25088K, used 24980K [0x00000006aab00000, 0x00000006ac880000, 0x0000000800000000)
  eden space 24064K, 100% used [0x00000006aab00000,0x00000006ac280000,0x00000006ac280000)
  from space 1024K, 89% used [0x00000006ac780000,0x00000006ac865300,0x00000006ac880000)
  to   space 2560K, 0% used [0x00000006ac380000,0x00000006ac380000,0x00000006ac600000)
 ParOldGen       total 68608K, used 13012K [0x0000000400000000, 0x0000000404300000, 0x00000006aab00000)
  object space 68608K, 18% used [0x0000000400000000,0x0000000400cb5358,0x0000000404300000)
 Metaspace       used 26480K, committed 27456K, reserved 1114112K
  class space    used 2700K, committed 3136K, reserved 1048576K
}
Event: 25.554 GC heap after
{Heap after GC invocations=10 (full 1):
 PSYoungGen      total 26112K, used 2560K [0x00000006aab00000, 0x00000006ac900000, 0x0000000800000000)
  eden space 23552K, 0% used [0x00000006aab00000,0x00000006aab00000,0x00000006ac200000)
  from space 2560K, 100% used [0x00000006ac380000,0x00000006ac600000,0x00000006ac600000)
  to   space 3072K, 0% used [0x00000006ac600000,0x00000006ac600000,0x00000006ac900000)
 ParOldGen       total 68608K, used 13465K [0x0000000400000000, 0x0000000404300000, 0x00000006aab00000)
  object space 68608K, 19% used [0x0000000400000000,0x0000000400d26740,0x0000000404300000)
 Metaspace       used 26480K, committed 27456K, reserved 1114112K
  class space    used 2700K, committed 3136K, reserved 1048576K
}
Event: 27.285 GC heap before
{Heap before GC invocations=11 (full 1):
 PSYoungGen      total 26112K, used 26102K [0x00000006aab00000, 0x00000006ac900000, 0x0000000800000000)
  eden space 23552K, 99% used [0x00000006aab00000,0x00000006ac1fd800,0x00000006ac200000)
  from space 2560K, 100% used [0x00000006ac380000,0x00000006ac600000,0x00000006ac600000)
  to   space 3072K, 0% used [0x00000006ac600000,0x00000006ac600000,0x00000006ac900000)
 ParOldGen       total 68608K, used 13465K [0x0000000400000000, 0x0000000404300000, 0x00000006aab00000)
  object space 68608K, 19% used [0x0000000400000000,0x0000000400d26740,0x0000000404300000)
 Metaspace       used 28544K, committed 29504K, reserved 1114112K
  class space    used 2880K, committed 3328K, reserved 1048576K
}
Event: 27.292 GC heap after
{Heap after GC invocations=11 (full 1):
 PSYoungGen      total 26112K, used 2685K [0x00000006aab00000, 0x00000006ac900000, 0x0000000800000000)
  eden space 23040K, 0% used [0x00000006aab00000,0x00000006aab00000,0x00000006ac180000)
  from space 3072K, 87% used [0x00000006ac600000,0x00000006ac89f698,0x00000006ac900000)
  to   space 3072K, 0% used [0x00000006ac300000,0x00000006ac300000,0x00000006ac600000)
 ParOldGen       total 68608K, used 14008K [0x0000000400000000, 0x0000000404300000, 0x00000006aab00000)
  object space 68608K, 20% used [0x0000000400000000,0x0000000400dae1b0,0x0000000404300000)
 Metaspace       used 28544K, committed 29504K, reserved 1114112K
  class space    used 2880K, committed 3328K, reserved 1048576K
}
Event: 29.445 GC heap before
{Heap before GC invocations=12 (full 1):
 PSYoungGen      total 26112K, used 25725K [0x00000006aab00000, 0x00000006ac900000, 0x0000000800000000)
  eden space 23040K, 100% used [0x00000006aab00000,0x00000006ac180000,0x00000006ac180000)
  from space 3072K, 87% used [0x00000006ac600000,0x00000006ac89f698,0x00000006ac900000)
  to   space 3072K, 0% used [0x00000006ac300000,0x00000006ac300000,0x00000006ac600000)
 ParOldGen       total 68608K, used 14008K [0x0000000400000000, 0x0000000404300000, 0x00000006aab00000)
  object space 68608K, 20% used [0x0000000400000000,0x0000000400dae1b0,0x0000000404300000)
 Metaspace       used 30686K, committed 31552K, reserved 1114112K
  class space    used 3148K, committed 3520K, reserved 1048576K
}
Event: 29.454 GC heap after
{Heap after GC invocations=12 (full 1):
 PSYoungGen      total 23552K, used 892K [0x00000006aab00000, 0x00000006ac680000, 0x0000000800000000)
  eden space 22528K, 0% used [0x00000006aab00000,0x00000006aab00000,0x00000006ac100000)
  from space 1024K, 87% used [0x00000006ac300000,0x00000006ac3df370,0x00000006ac400000)
  to   space 2048K, 0% used [0x00000006ac480000,0x00000006ac480000,0x00000006ac680000)
 ParOldGen       total 68608K, used 16564K [0x0000000400000000, 0x0000000404300000, 0x00000006aab00000)
  object space 68608K, 24% used [0x0000000400000000,0x000000040102d0e8,0x0000000404300000)
 Metaspace       used 30686K, committed 31552K, reserved 1114112K
  class space    used 3148K, committed 3520K, reserved 1048576K
}
Event: 30.493 GC heap before
{Heap before GC invocations=13 (full 1):
 PSYoungGen      total 23552K, used 23420K [0x00000006aab00000, 0x00000006ac680000, 0x0000000800000000)
  eden space 22528K, 100% used [0x00000006aab00000,0x00000006ac100000,0x00000006ac100000)
  from space 1024K, 87% used [0x00000006ac300000,0x00000006ac3df370,0x00000006ac400000)
  to   space 2048K, 0% used [0x00000006ac480000,0x00000006ac480000,0x00000006ac680000)
 ParOldGen       total 68608K, used 16564K [0x0000000400000000, 0x0000000404300000, 0x00000006aab00000)
  object space 68608K, 24% used [0x0000000400000000,0x000000040102d0e8,0x0000000404300000)
 Metaspace       used 33091K, committed 34048K, reserved 1114112K
  class space    used 3410K, committed 3840K, reserved 1048576K
}
Event: 30.499 GC heap after
{Heap after GC invocations=13 (full 1):
 PSYoungGen      total 23552K, used 1239K [0x00000006aab00000, 0x00000006ac600000, 0x0000000800000000)
  eden space 22016K, 0% used [0x00000006aab00000,0x00000006aab00000,0x00000006ac080000)
  from space 1536K, 80% used [0x00000006ac480000,0x00000006ac5b5f18,0x00000006ac600000)
  to   space 1536K, 0% used [0x00000006ac300000,0x00000006ac300000,0x00000006ac480000)
 ParOldGen       total 68608K, used 17220K [0x0000000400000000, 0x0000000404300000, 0x00000006aab00000)
  object space 68608K, 25% used [0x0000000400000000,0x00000004010d10e8,0x0000000404300000)
 Metaspace       used 33091K, committed 34048K, reserved 1114112K
  class space    used 3410K, committed 3840K, reserved 1048576K
}
Event: 31.275 GC heap before
{Heap before GC invocations=14 (full 1):
 PSYoungGen      total 23552K, used 17829K [0x00000006aab00000, 0x00000006ac600000, 0x0000000800000000)
  eden space 22016K, 75% used [0x00000006aab00000,0x00000006abb33730,0x00000006ac080000)
  from space 1536K, 80% used [0x00000006ac480000,0x00000006ac5b5f18,0x00000006ac600000)
  to   space 1536K, 0% used [0x00000006ac300000,0x00000006ac300000,0x00000006ac480000)
 ParOldGen       total 68608K, used 17220K [0x0000000400000000, 0x0000000404300000, 0x00000006aab00000)
  object space 68608K, 25% used [0x0000000400000000,0x00000004010d10e8,0x0000000404300000)
 Metaspace       used 34809K, committed 35840K, reserved 1114112K
  class space    used 3631K, committed 4096K, reserved 1048576K
}
Event: 31.279 GC heap after
{Heap after GC invocations=14 (full 1):
 PSYoungGen      total 23040K, used 672K [0x00000006aab00000, 0x00000006ac500000, 0x0000000800000000)
  eden space 22016K, 0% used [0x00000006aab00000,0x00000006aab00000,0x00000006ac080000)
  from space 1024K, 65% used [0x00000006ac300000,0x00000006ac3a8000,0x00000006ac400000)
  to   space 1024K, 0% used [0x00000006ac400000,0x00000006ac400000,0x00000006ac500000)
 ParOldGen       total 68608K, used 18242K [0x0000000400000000, 0x0000000404300000, 0x00000006aab00000)
  object space 68608K, 26% used [0x0000000400000000,0x00000004011d0ae0,0x0000000404300000)
 Metaspace       used 34809K, committed 35840K, reserved 1114112K
  class space    used 3631K, committed 4096K, reserved 1048576K
}
Event: 31.279 GC heap before
{Heap before GC invocations=15 (full 2):
 PSYoungGen      total 23040K, used 672K [0x00000006aab00000, 0x00000006ac500000, 0x0000000800000000)
  eden space 22016K, 0% used [0x00000006aab00000,0x00000006aab00000,0x00000006ac080000)
  from space 1024K, 65% used [0x00000006ac300000,0x00000006ac3a8000,0x00000006ac400000)
  to   space 1024K, 0% used [0x00000006ac400000,0x00000006ac400000,0x00000006ac500000)
 ParOldGen       total 68608K, used 18242K [0x0000000400000000, 0x0000000404300000, 0x00000006aab00000)
  object space 68608K, 26% used [0x0000000400000000,0x00000004011d0ae0,0x0000000404300000)
 Metaspace       used 34809K, committed 35840K, reserved 1114112K
  class space    used 3631K, committed 4096K, reserved 1048576K
}
Event: 31.465 GC heap after
{Heap after GC invocations=15 (full 2):
 PSYoungGen      total 23040K, used 0K [0x00000006aab00000, 0x00000006ac500000, 0x0000000800000000)
  eden space 22016K, 0% used [0x00000006aab00000,0x00000006aab00000,0x00000006ac080000)
  from space 1024K, 0% used [0x00000006ac300000,0x00000006ac300000,0x00000006ac400000)
  to   space 1024K, 0% used [0x00000006ac400000,0x00000006ac400000,0x00000006ac500000)
 ParOldGen       total 68608K, used 17641K [0x0000000400000000, 0x0000000404300000, 0x00000006aab00000)
  object space 68608K, 25% used [0x0000000400000000,0x000000040113a5f8,0x0000000404300000)
 Metaspace       used 34809K, committed 35840K, reserved 1114112K
  class space    used 3631K, committed 4096K, reserved 1048576K
}
Event: 32.549 GC heap before
{Heap before GC invocations=16 (full 2):
 PSYoungGen      total 23040K, used 22016K [0x00000006aab00000, 0x00000006ac500000, 0x0000000800000000)
  eden space 22016K, 100% used [0x00000006aab00000,0x00000006ac080000,0x00000006ac080000)
  from space 1024K, 0% used [0x00000006ac300000,0x00000006ac300000,0x00000006ac400000)
  to   space 1024K, 0% used [0x00000006ac400000,0x00000006ac400000,0x00000006ac500000)
 ParOldGen       total 68608K, used 17641K [0x0000000400000000, 0x0000000404300000, 0x00000006aab00000)
  object space 68608K, 25% used [0x0000000400000000,0x000000040113a5f8,0x0000000404300000)
 Metaspace       used 37113K, committed 38272K, reserved 1114112K
  class space    used 3939K, committed 4416K, reserved 1048576K
}
Event: 32.552 GC heap after
{Heap after GC invocations=16 (full 2):
 PSYoungGen      total 23040K, used 1023K [0x00000006aab00000, 0x00000006ac500000, 0x0000000800000000)
  eden space 22016K, 0% used [0x00000006aab00000,0x00000006aab00000,0x00000006ac080000)
  from space 1024K, 99% used [0x00000006ac400000,0x00000006ac4ffd50,0x00000006ac500000)
  to   space 2048K, 0% used [0x00000006ac100000,0x00000006ac100000,0x00000006ac300000)
 ParOldGen       total 68608K, used 18373K [0x0000000400000000, 0x0000000404300000, 0x00000006aab00000)
  object space 68608K, 26% used [0x0000000400000000,0x00000004011f1450,0x0000000404300000)
 Metaspace       used 37113K, committed 38272K, reserved 1114112K
  class space    used 3939K, committed 4416K, reserved 1048576K
}
Event: 33.195 GC heap before
{Heap before GC invocations=17 (full 2):
 PSYoungGen      total 23040K, used 23039K [0x00000006aab00000, 0x00000006ac500000, 0x0000000800000000)
  eden space 22016K, 100% used [0x00000006aab00000,0x00000006ac080000,0x00000006ac080000)
  from space 1024K, 99% used [0x00000006ac400000,0x00000006ac4ffd50,0x00000006ac500000)
  to   space 2048K, 0% used [0x00000006ac100000,0x00000006ac100000,0x00000006ac300000)
 ParOldGen       total 68608K, used 18373K [0x0000000400000000, 0x0000000404300000, 0x00000006aab00000)
  object space 68608K, 26% used [0x0000000400000000,0x00000004011f1450,0x0000000404300000)
 Metaspace       used 39786K, committed 40896K, reserved 1114112K
  class space    used 4272K, committed 4736K, reserved 1048576K
}
Event: 33.207 GC heap after
{Heap after GC invocations=17 (full 2):
 PSYoungGen      total 24064K, used 2036K [0x00000006aab00000, 0x00000006ac880000, 0x0000000800000000)
  eden space 22016K, 0% used [0x00000006aab00000,0x00000006aab00000,0x00000006ac080000)
  from space 2048K, 99% used [0x00000006ac100000,0x00000006ac2fd258,0x00000006ac300000)
  to   space 4096K, 0% used [0x00000006ac480000,0x00000006ac480000,0x00000006ac880000)
 ParOldGen       total 68608K, used 19669K [0x0000000400000000, 0x0000000404300000, 0x00000006aab00000)
  object space 68608K, 28% used [0x0000000400000000,0x0000000401335688,0x0000000404300000)
 Metaspace       used 39786K, committed 40896K, reserved 1114112K
  class space    used 4272K, committed 4736K, reserved 1048576K
}
Event: 34.365 GC heap before
{Heap before GC invocations=18 (full 2):
 PSYoungGen      total 24064K, used 24052K [0x00000006aab00000, 0x00000006ac880000, 0x0000000800000000)
  eden space 22016K, 100% used [0x00000006aab00000,0x00000006ac080000,0x00000006ac080000)
  from space 2048K, 99% used [0x00000006ac100000,0x00000006ac2fd258,0x00000006ac300000)
  to   space 4096K, 0% used [0x00000006ac480000,0x00000006ac480000,0x00000006ac880000)
 ParOldGen       total 68608K, used 19669K [0x0000000400000000, 0x0000000404300000, 0x00000006aab00000)
  object space 68608K, 28% used [0x0000000400000000,0x0000000401335688,0x0000000404300000)
 Metaspace       used 42413K, committed 43584K, reserved 1114112K
  class space    used 4620K, committed 5120K, reserved 1048576K
}
Event: 34.376 GC heap after
{Heap after GC invocations=18 (full 2):
 PSYoungGen      total 24064K, used 1632K [0x00000006aab00000, 0x00000006ac680000, 0x0000000800000000)
  eden space 22016K, 0% used [0x00000006aab00000,0x00000006aab00000,0x00000006ac080000)
  from space 2048K, 79% used [0x00000006ac480000,0x00000006ac618000,0x00000006ac680000)
  to   space 2560K, 0% used [0x00000006ac180000,0x00000006ac180000,0x00000006ac400000)
 ParOldGen       total 68608K, used 21496K [0x0000000400000000, 0x0000000404300000, 0x00000006aab00000)
  object space 68608K, 31% used [0x0000000400000000,0x00000004014fe398,0x0000000404300000)
 Metaspace       used 42413K, committed 43584K, reserved 1114112K
  class space    used 4620K, committed 5120K, reserved 1048576K
}
Event: 36.384 GC heap before
{Heap before GC invocations=19 (full 2):
 PSYoungGen      total 24064K, used 23648K [0x00000006aab00000, 0x00000006ac680000, 0x0000000800000000)
  eden space 22016K, 100% used [0x00000006aab00000,0x00000006ac080000,0x00000006ac080000)
  from space 2048K, 79% used [0x00000006ac480000,0x00000006ac618000,0x00000006ac680000)
  to   space 2560K, 0% used [0x00000006ac180000,0x00000006ac180000,0x00000006ac400000)
 ParOldGen       total 68608K, used 21496K [0x0000000400000000, 0x0000000404300000, 0x00000006aab00000)
  object space 68608K, 31% used [0x0000000400000000,0x00000004014fe398,0x0000000404300000)
 Metaspace       used 45160K, committed 46336K, reserved 1114112K
  class space    used 4948K, committed 5440K, reserved 1048576K
}
Event: 36.396 GC heap after
{Heap after GC invocations=19 (full 2):
 PSYoungGen      total 23552K, used 1216K [0x00000006aab00000, 0x00000006ac500000, 0x0000000800000000)
  eden space 22016K, 0% used [0x00000006aab00000,0x00000006aab00000,0x00000006ac080000)
  from space 1536K, 79% used [0x00000006ac180000,0x00000006ac2b0000,0x00000006ac300000)
  to   space 1536K, 0% used [0x00000006ac380000,0x00000006ac380000,0x00000006ac500000)
 ParOldGen       total 68608K, used 23004K [0x0000000400000000, 0x0000000404300000, 0x00000006aab00000)
  object space 68608K, 33% used [0x0000000400000000,0x00000004016773b8,0x0000000404300000)
 Metaspace       used 45160K, committed 46336K, reserved 1114112K
  class space    used 4948K, committed 5440K, reserved 1048576K
}

