# JRE version: OpenJDK Runtime Environment Temurin-21.0.12.1+1 (21.0.12.1+1) (build 21.0.12.1+1-LTS)
# Java VM: OpenJDK 64-Bit Server VM Temurin-21.0.12.1+1 (21.0.12.1+1-LTS, mixed mode, sharing, tiered, compressed oops, compressed class ptrs, parallel gc, windows-amd64)
GC Precious Log:
 CardTable entry size: 512
 CPUs: 4 total, 4 available
 Memory: 1910M
 Large Page Support: Disabled
 NUMA Support: Disabled
 Compressed Oops: Enabled (Zero based)
 Alignments: Space 512K, Generation 512K, Heap 2M
 Heap Min Capacity: 100M
 Heap Initial Capacity: 100M
 Heap Max Capacity: 4G
 Pre-touch: Disabled
 Parallel Workers: 4
Heap:
 PSYoungGen      total 22016K, used 6056K [0x00000007aab00000, 0x00000007ac480000, 0x0000000800000000)
  eden space 20992K, 25% used [0x00000007aab00000,0x00000007ab037be8,0x00000007abf80000)
  from space 1024K, 69% used [0x00000007ac300000,0x00000007ac3b2468,0x00000007ac400000)
  to   space 512K, 0% used [0x00000007ac400000,0x00000007ac400000,0x00000007ac480000)
 ParOldGen       total 68608K, used 52883K [0x0000000700000000, 0x00000007aab00000, 0x00000007aab00000)
  object space 68608K, 77% used [0x0000000700000000,0x00000007033a4c40,0x0000000704300000)
 Metaspace       used 71070K, committed 72576K, reserved 1114112K
  class space    used 7608K, committed 8256K, reserved 1048576K
GC Heap History (20 events):
Event: 49.503 GC heap before
{Heap before GC invocations=35 (full 2):
 PSYoungGen      total 22016K, used 4956K [0x00000007aab00000, 0x00000007ac480000, 0x0000000800000000)
  eden space 20992K, 18% used [0x00000007aab00000,0x00000007aaedb370,0x00000007abf80000)
  from space 1024K, 98% used [0x00000007ac300000,0x00000007ac3fc038,0x00000007ac400000)
  to   space 2560K, 0% used [0x00000007abf80000,0x00000007abf80000,0x00000007ac200000)
 ParOldGen       total 68608K, used 42931K [0x0000000700000000, 0x0000000704300000, 0x00000007aab00000)
  object space 68608K, 62% used [0x0000000700000000,0x00000007029ecc98,0x0000000704300000)
 Metaspace       used 58575K, committed 59776K, reserved 1114112K
  class space    used 6274K, committed 6848K, reserved 1048576K
}
Event: 49.508 GC heap after
{Heap after GC invocations=35 (full 2):
 PSYoungGen      total 23552K, used 968K [0x00000007aab00000, 0x00000007ac380000, 0x0000000800000000)
  eden space 20992K, 0% used [0x00000007aab00000,0x00000007aab00000,0x00000007abf80000)
  from space 2560K, 37% used [0x00000007abf80000,0x00000007ac0720e0,0x00000007ac200000)
  to   space 1536K, 0% used [0x00000007ac200000,0x00000007ac200000,0x00000007ac380000)
 ParOldGen       total 68608K, used 43886K [0x0000000700000000, 0x0000000704300000, 0x00000007aab00000)
  object space 68608K, 63% used [0x0000000700000000,0x0000000702adba50,0x0000000704300000)
 Metaspace       used 58575K, committed 59776K, reserved 1114112K
  class space    used 6274K, committed 6848K, reserved 1048576K
}
Event: 49.508 GC heap before
{Heap before GC invocations=36 (full 3):
 PSYoungGen      total 23552K, used 968K [0x00000007aab00000, 0x00000007ac380000, 0x0000000800000000)
  eden space 20992K, 0% used [0x00000007aab00000,0x00000007aab00000,0x00000007abf80000)
  from space 2560K, 37% used [0x00000007abf80000,0x00000007ac0720e0,0x00000007ac200000)
  to   space 1536K, 0% used [0x00000007ac200000,0x00000007ac200000,0x00000007ac380000)
 ParOldGen       total 68608K, used 43886K [0x0000000700000000, 0x0000000704300000, 0x00000007aab00000)
  object space 68608K, 63% used [0x0000000700000000,0x0000000702adba50,0x0000000704300000)
 Metaspace       used 58575K, committed 59776K, reserved 1114112K
  class space    used 6274K, committed 6848K, reserved 1048576K
}
Event: 50.087 GC heap after
{Heap after GC invocations=36 (full 3):
 PSYoungGen      total 23552K, used 0K [0x00000007aab00000, 0x00000007ac380000, 0x0000000800000000)
  eden space 20992K, 0% used [0x00000007aab00000,0x00000007aab00000,0x00000007abf80000)
  from space 2560K, 0% used [0x00000007abf80000,0x00000007abf80000,0x00000007ac200000)
  to   space 1536K, 0% used [0x00000007ac200000,0x00000007ac200000,0x00000007ac380000)
 ParOldGen       total 68608K, used 42097K [0x0000000700000000, 0x0000000704300000, 0x00000007aab00000)
  object space 68608K, 61% used [0x0000000700000000,0x000000070291c4f0,0x0000000704300000)
 Metaspace       used 58575K, committed 59776K, reserved 1114112K
  class space    used 6274K, committed 6848K, reserved 1048576K
}
Event: 52.356 GC heap before
{Heap before GC invocations=37 (full 3):
 PSYoungGen      total 23552K, used 20992K [0x00000007aab00000, 0x00000007ac380000, 0x0000000800000000)
  eden space 20992K, 100% used [0x00000007aab00000,0x00000007abf80000,0x00000007abf80000)
  from space 2560K, 0% used [0x00000007abf80000,0x00000007abf80000,0x00000007ac200000)
  to   space 1536K, 0% used [0x00000007ac200000,0x00000007ac200000,0x00000007ac380000)
 ParOldGen       total 68608K, used 42097K [0x0000000700000000, 0x0000000704300000, 0x00000007aab00000)
  object space 68608K, 61% used [0x0000000700000000,0x000000070291c4f0,0x0000000704300000)
 Metaspace       used 60525K, committed 61824K, reserved 1114112K
  class space    used 6451K, committed 7040K, reserved 1048576K
}
Event: 52.362 GC heap after
{Heap after GC invocations=37 (full 3):
 PSYoungGen      total 22528K, used 1513K [0x00000007aab00000, 0x00000007ac480000, 0x0000000800000000)
  eden space 20992K, 0% used [0x00000007aab00000,0x00000007aab00000,0x00000007abf80000)
  from space 1536K, 98% used [0x00000007ac200000,0x00000007ac37a528,0x00000007ac380000)
  to   space 2560K, 0% used [0x00000007abf80000,0x00000007abf80000,0x00000007ac200000)
 ParOldGen       total 68608K, used 42595K [0x0000000700000000, 0x0000000704300000, 0x00000007aab00000)
  object space 68608K, 62% used [0x0000000700000000,0x0000000702998c20,0x0000000704300000)
 Metaspace       used 60525K, committed 61824K, reserved 1114112K
  class space    used 6451K, committed 7040K, reserved 1048576K
}
Event: 60.649 GC heap before
{Heap before GC invocations=38 (full 3):
 PSYoungGen      total 22528K, used 22505K [0x00000007aab00000, 0x00000007ac480000, 0x0000000800000000)
  eden space 20992K, 100% used [0x00000007aab00000,0x00000007abf80000,0x00000007abf80000)
  from space 1536K, 98% used [0x00000007ac200000,0x00000007ac37a528,0x00000007ac380000)
  to   space 2560K, 0% used [0x00000007abf80000,0x00000007abf80000,0x00000007ac200000)
 ParOldGen       total 68608K, used 42595K [0x0000000700000000, 0x0000000704300000, 0x00000007aab00000)
  object space 68608K, 62% used [0x0000000700000000,0x0000000702998c20,0x0000000704300000)
 Metaspace       used 61790K, committed 63104K, reserved 1114112K
  class space    used 6513K, committed 7104K, reserved 1048576K
}
Event: 60.722 GC heap after
{Heap after GC invocations=38 (full 3):
 PSYoungGen      total 23552K, used 2554K [0x00000007aab00000, 0x00000007acc80000, 0x0000000800000000)
  eden space 20992K, 0% used [0x00000007aab00000,0x00000007aab00000,0x00000007abf80000)
  from space 2560K, 99% used [0x00000007abf80000,0x00000007ac1fe8b8,0x00000007ac200000)
  to   space 6656K, 0% used [0x00000007ac600000,0x00000007ac600000,0x00000007acc80000)
 ParOldGen       total 68608K, used 45845K [0x0000000700000000, 0x0000000704300000, 0x00000007aab00000)
  object space 68608K, 66% used [0x0000000700000000,0x0000000702cc5778,0x0000000704300000)
 Metaspace       used 61790K, committed 63104K, reserved 1114112K
  class space    used 6513K, committed 7104K, reserved 1048576K
}
Event: 67.114 GC heap before
{Heap before GC invocations=39 (full 3):
 PSYoungGen      total 23552K, used 23546K [0x00000007aab00000, 0x00000007acc80000, 0x0000000800000000)
  eden space 20992K, 100% used [0x00000007aab00000,0x00000007abf80000,0x00000007abf80000)
  from space 2560K, 99% used [0x00000007abf80000,0x00000007ac1fe8b8,0x00000007ac200000)
  to   space 6656K, 0% used [0x00000007ac600000,0x00000007ac600000,0x00000007acc80000)
 ParOldGen       total 68608K, used 45845K [0x0000000700000000, 0x0000000704300000, 0x00000007aab00000)
  object space 68608K, 66% used [0x0000000700000000,0x0000000702cc5778,0x0000000704300000)
 Metaspace       used 62940K, committed 64256K, reserved 1114112K
  class space    used 6619K, committed 7232K, reserved 1048576K
}
Event: 67.191 GC heap after
{Heap after GC invocations=39 (full 3):
 PSYoungGen      total 23040K, used 1952K [0x00000007aab00000, 0x00000007ac800000, 0x0000000800000000)
  eden space 20992K, 0% used [0x00000007aab00000,0x00000007aab00000,0x00000007abf80000)
  from space 2048K, 95% used [0x00000007ac600000,0x00000007ac7e8020,0x00000007ac800000)
  to   space 3584K, 0% used [0x00000007ac100000,0x00000007ac100000,0x00000007ac480000)
 ParOldGen       total 68608K, used 48335K [0x0000000700000000, 0x0000000704300000, 0x00000007aab00000)
  object space 68608K, 70% used [0x0000000700000000,0x0000000702f33c78,0x0000000704300000)
 Metaspace       used 62940K, committed 64256K, reserved 1114112K
  class space    used 6619K, committed 7232K, reserved 1048576K
}
Event: 69.143 GC heap before
{Heap before GC invocations=40 (full 3):
 PSYoungGen      total 23040K, used 22944K [0x00000007aab00000, 0x00000007ac800000, 0x0000000800000000)
  eden space 20992K, 100% used [0x00000007aab00000,0x00000007abf80000,0x00000007abf80000)
  from space 2048K, 95% used [0x00000007ac600000,0x00000007ac7e8020,0x00000007ac800000)
  to   space 3584K, 0% used [0x00000007ac100000,0x00000007ac100000,0x00000007ac480000)
 ParOldGen       total 68608K, used 48335K [0x0000000700000000, 0x0000000704300000, 0x00000007aab00000)
  object space 68608K, 70% used [0x0000000700000000,0x0000000702f33c78,0x0000000704300000)
 Metaspace       used 64537K, committed 65856K, reserved 1114112K
  class space    used 6782K, committed 7360K, reserved 1048576K
}
Event: 69.159 GC heap after
{Heap after GC invocations=40 (full 3):
 PSYoungGen      total 24576K, used 1271K [0x00000007aab00000, 0x00000007ac680000, 0x0000000800000000)
  eden space 20992K, 0% used [0x00000007aab00000,0x00000007aab00000,0x00000007abf80000)
  from space 3584K, 35% used [0x00000007ac100000,0x00000007ac23dd98,0x00000007ac480000)
  to   space 2048K, 0% used [0x00000007ac480000,0x00000007ac480000,0x00000007ac680000)
 ParOldGen       total 68608K, used 50201K [0x0000000700000000, 0x0000000704300000, 0x00000007aab00000)
  object space 68608K, 73% used [0x0000000700000000,0x00000007031064b8,0x0000000704300000)
 Metaspace       used 64537K, committed 65856K, reserved 1114112K
  class space    used 6782K, committed 7360K, reserved 1048576K
}
Event: 71.740 GC heap before
{Heap before GC invocations=41 (full 3):
 PSYoungGen      total 24576K, used 22263K [0x00000007aab00000, 0x00000007ac680000, 0x0000000800000000)
  eden space 20992K, 100% used [0x00000007aab00000,0x00000007abf80000,0x00000007abf80000)
  from space 3584K, 35% used [0x00000007ac100000,0x00000007ac23dd98,0x00000007ac480000)
  to   space 2048K, 0% used [0x00000007ac480000,0x00000007ac480000,0x00000007ac680000)
 ParOldGen       total 68608K, used 50201K [0x0000000700000000, 0x0000000704300000, 0x00000007aab00000)
  object space 68608K, 73% used [0x0000000700000000,0x00000007031064b8,0x0000000704300000)
 Metaspace       used 65369K, committed 66880K, reserved 1114112K
  class space    used 6851K, committed 7488K, reserved 1048576K
}
Event: 71.747 GC heap after
{Heap after GC invocations=41 (full 3):
 PSYoungGen      total 22528K, used 1056K [0x00000007aab00000, 0x00000007ac600000, 0x0000000800000000)
  eden space 20992K, 0% used [0x00000007aab00000,0x00000007aab00000,0x00000007abf80000)
  from space 1536K, 68% used [0x00000007ac480000,0x00000007ac588000,0x00000007ac600000)
  to   space 1536K, 0% used [0x00000007ac300000,0x00000007ac300000,0x00000007ac480000)
 ParOldGen       total 68608K, used 51326K [0x0000000700000000, 0x0000000704300000, 0x00000007aab00000)
  object space 68608K, 74% used [0x0000000700000000,0x000000070321f8b0,0x0000000704300000)
 Metaspace       used 65369K, committed 66880K, reserved 1114112K
  class space    used 6851K, committed 7488K, reserved 1048576K
}
Event: 152.258 GC heap before
{Heap before GC invocations=42 (full 3):
 PSYoungGen      total 22528K, used 22048K [0x00000007aab00000, 0x00000007ac600000, 0x0000000800000000)
  eden space 20992K, 100% used [0x00000007aab00000,0x00000007abf80000,0x00000007abf80000)
  from space 1536K, 68% used [0x00000007ac480000,0x00000007ac588000,0x00000007ac600000)
  to   space 1536K, 0% used [0x00000007ac300000,0x00000007ac300000,0x00000007ac480000)
 ParOldGen       total 68608K, used 51326K [0x0000000700000000, 0x0000000704300000, 0x00000007aab00000)
  object space 68608K, 74% used [0x0000000700000000,0x000000070321f8b0,0x0000000704300000)
 Metaspace       used 67857K, committed 69312K, reserved 1114112K
  class space    used 7162K, committed 7744K, reserved 1048576K
}
Event: 152.309 GC heap after
{Heap after GC invocations=42 (full 3):
 PSYoungGen      total 22016K, used 641K [0x00000007aab00000, 0x00000007ac500000, 0x0000000800000000)
  eden space 20992K, 0% used [0x00000007aab00000,0x00000007aab00000,0x00000007abf80000)
  from space 1024K, 62% used [0x00000007ac300000,0x00000007ac3a05f8,0x00000007ac400000)
  to   space 1024K, 0% used [0x00000007ac400000,0x00000007ac400000,0x00000007ac500000)
 ParOldGen       total 68608K, used 52003K [0x0000000700000000, 0x0000000704300000, 0x00000007aab00000)
  object space 68608K, 75% used [0x0000000700000000,0x00000007032c8d40,0x0000000704300000)
 Metaspace       used 67857K, committed 69312K, reserved 1114112K
  class space    used 7162K, committed 7744K, reserved 1048576K
}
Event: 192.010 GC heap before
{Heap before GC invocations=43 (full 3):
 PSYoungGen      total 22016K, used 21632K [0x00000007aab00000, 0x00000007ac500000, 0x0000000800000000)
  eden space 20992K, 99% used [0x00000007aab00000,0x00000007abf7fcd0,0x00000007abf80000)
  from space 1024K, 62% used [0x00000007ac300000,0x00000007ac3a05f8,0x00000007ac400000)
  to   space 1024K, 0% used [0x00000007ac400000,0x00000007ac400000,0x00000007ac500000)
 ParOldGen       total 68608K, used 52003K [0x0000000700000000, 0x0000000704300000, 0x00000007aab00000)
  object space 68608K, 75% used [0x0000000700000000,0x00000007032c8d40,0x0000000704300000)
 Metaspace       used 69983K, committed 71488K, reserved 1114112K
  class space    used 7482K, committed 8128K, reserved 1048576K
}
Event: 192.108 GC heap after
{Heap after GC invocations=43 (full 3):
 PSYoungGen      total 22016K, used 816K [0x00000007aab00000, 0x00000007ac500000, 0x0000000800000000)
  eden space 20992K, 0% used [0x00000007aab00000,0x00000007aab00000,0x00000007abf80000)
  from space 1024K, 79% used [0x00000007ac400000,0x00000007ac4cc010,0x00000007ac500000)
  to   space 1024K, 0% used [0x00000007ac300000,0x00000007ac300000,0x00000007ac400000)
 ParOldGen       total 68608K, used 52555K [0x0000000700000000, 0x0000000704300000, 0x00000007aab00000)
  object space 68608K, 76% used [0x0000000700000000,0x0000000703352c40,0x0000000704300000)
 Metaspace       used 69983K, committed 71488K, reserved 1114112K
  class space    used 7482K, committed 8128K, reserved 1048576K
}
Event: 201.392 GC heap before
{Heap before GC invocations=44 (full 3):
 PSYoungGen      total 22016K, used 21808K [0x00000007aab00000, 0x00000007ac500000, 0x0000000800000000)
  eden space 20992K, 100% used [0x00000007aab00000,0x00000007abf80000,0x00000007abf80000)
  from space 1024K, 79% used [0x00000007ac400000,0x00000007ac4cc010,0x00000007ac500000)
  to   space 1024K, 0% used [0x00000007ac300000,0x00000007ac300000,0x00000007ac400000)
 ParOldGen       total 68608K, used 52555K [0x0000000700000000, 0x0000000704300000, 0x00000007aab00000)
  object space 68608K, 76% used [0x0000000700000000,0x0000000703352c40,0x0000000704300000)
 Metaspace       used 70929K, committed 72448K, reserved 1114112K
  class space    used 7594K, committed 8256K, reserved 1048576K
}
Event: 201.507 GC heap after
{Heap after GC invocations=44 (full 3):
 PSYoungGen      total 22016K, used 713K [0x00000007aab00000, 0x00000007ac480000, 0x0000000800000000)
  eden space 20992K, 0% used [0x00000007aab00000,0x00000007aab00000,0x00000007abf80000)
  from space 1024K, 69% used [0x00000007ac300000,0x00000007ac3b2468,0x00000007ac400000)
  to   space 512K, 0% used [0x00000007ac400000,0x00000007ac400000,0x00000007ac480000)
 ParOldGen       total 68608K, used 52883K [0x0000000700000000, 0x0000000704300000, 0x00000007aab00000)
  object space 68608K, 77% used [0x0000000700000000,0x00000007033a4c40,0x0000000704300000)
 Metaspace       used 70929K, committed 72448K, reserved 1114112K
  class space    used 7594K, committed 8256K, reserved 1048576K
}

