# JRE version: OpenJDK Runtime Environment Temurin-21.0.12.1+1 (21.0.12.1+1) (build 21.0.12.1+1-LTS)
# Java VM: OpenJDK 64-Bit Server VM Temurin-21.0.12.1+1 (21.0.12.1+1-LTS, mixed mode, sharing, tiered, compressed oops, compressed class ptrs, parallel gc, windows-amd64)
GC Precious Log:
 CardTable entry size: 512
 CPUs: 4 total, 4 available
 Memory: 1910M
 Large Page Support: Disabled
 NUMA Support: Disabled
 Compressed Oops: Enabled (Zero based)
 Alignments: Space 512K, Generation 512K, Heap 2M
 Heap Min Capacity: 100M
 Heap Initial Capacity: 100M
 Heap Max Capacity: 4G
 Pre-touch: Disabled
 Parallel Workers: 4
Heap:
 PSYoungGen      total 1536K, used 672K [0x00000007aab00000, 0x00000007aae00000, 0x0000000800000000)
  eden space 1024K, 31% used [0x00000007aab00000,0x00000007aab501b0,0x00000007aac00000)
  from space 512K, 68% used [0x00000007aad80000,0x00000007aadd8000,0x00000007aae00000)
  to   space 512K, 0% used [0x00000007aad00000,0x00000007aad00000,0x00000007aad80000)
 ParOldGen       total 577536K, used 577315K [0x0000000700000000, 0x0000000723400000, 0x00000007aab00000)
  object space 577536K, 99% used [0x0000000700000000,0x00000007233c8f40,0x0000000723400000)
 Metaspace       used 71503K, committed 72832K, reserved 1114112K
  class space    used 7457K, committed 8064K, reserved 1048576K
GC Heap History (20 events):
Event: 310.694 GC heap before
{Heap before GC invocations=692 (full 3):
 PSYoungGen      total 1536K, used 1305K [0x00000007aab00000, 0x00000007aae00000, 0x0000000800000000)
  eden space 1024K, 99% used [0x00000007aab00000,0x00000007aabfe7c0,0x00000007aac00000)
  from space 512K, 56% used [0x00000007aad80000,0x00000007aadc8000,0x00000007aae00000)
  to   space 512K, 0% used [0x00000007aad00000,0x00000007aad00000,0x00000007aad80000)
 ParOldGen       total 576512K, used 576406K [0x0000000700000000, 0x0000000723300000, 0x00000007aab00000)
  object space 576512K, 99% used [0x0000000700000000,0x00000007232e5ab0,0x0000000723300000)
 Metaspace       used 71468K, committed 72832K, reserved 1114112K
  class space    used 7456K, committed 8064K, reserved 1048576K
}
Event: 310.698 GC heap after
{Heap after GC invocations=692 (full 3):
 PSYoungGen      total 1536K, used 160K [0x00000007aab00000, 0x00000007aae00000, 0x0000000800000000)
  eden space 1024K, 0% used [0x00000007aab00000,0x00000007aab00000,0x00000007aac00000)
  from space 512K, 31% used [0x00000007aad00000,0x00000007aad28000,0x00000007aad80000)
  to   space 512K, 0% used [0x00000007aad80000,0x00000007aad80000,0x00000007aae00000)
 ParOldGen       total 577024K, used 576622K [0x0000000700000000, 0x0000000723380000, 0x00000007aab00000)
  object space 577024K, 99% used [0x0000000700000000,0x000000072331bab0,0x0000000723380000)
 Metaspace       used 71468K, committed 72832K, reserved 1114112K
  class space    used 7456K, committed 8064K, reserved 1048576K
}
Event: 311.064 GC heap before
{Heap before GC invocations=693 (full 3):
 PSYoungGen      total 1536K, used 1184K [0x00000007aab00000, 0x00000007aae00000, 0x0000000800000000)
  eden space 1024K, 100% used [0x00000007aab00000,0x00000007aac00000,0x00000007aac00000)
  from space 512K, 31% used [0x00000007aad00000,0x00000007aad28000,0x00000007aad80000)
  to   space 512K, 0% used [0x00000007aad80000,0x00000007aad80000,0x00000007aae00000)
 ParOldGen       total 577024K, used 576622K [0x0000000700000000, 0x0000000723380000, 0x00000007aab00000)
  object space 577024K, 99% used [0x0000000700000000,0x000000072331bab0,0x0000000723380000)
 Metaspace       used 71471K, committed 72832K, reserved 1114112K
  class space    used 7456K, committed 8064K, reserved 1048576K
}
Event: 311.068 GC heap after
{Heap after GC invocations=693 (full 3):
 PSYoungGen      total 1536K, used 128K [0x00000007aab00000, 0x00000007aae00000, 0x0000000800000000)
  eden space 1024K, 0% used [0x00000007aab00000,0x00000007aab00000,0x00000007aac00000)
  from space 512K, 25% used [0x00000007aad80000,0x00000007aada0000,0x00000007aae00000)
  to   space 512K, 0% used [0x00000007aad00000,0x00000007aad00000,0x00000007aad80000)
 ParOldGen       total 577024K, used 576726K [0x0000000700000000, 0x0000000723380000, 0x00000007aab00000)
  object space 577024K, 99% used [0x0000000700000000,0x0000000723335ab0,0x0000000723380000)
 Metaspace       used 71471K, committed 72832K, reserved 1114112K
  class space    used 7456K, committed 8064K, reserved 1048576K
}
Event: 311.084 GC heap before
{Heap before GC invocations=694 (full 3):
 PSYoungGen      total 1536K, used 1151K [0x00000007aab00000, 0x00000007aae00000, 0x0000000800000000)
  eden space 1024K, 99% used [0x00000007aab00000,0x00000007aabffff0,0x00000007aac00000)
  from space 512K, 25% used [0x00000007aad80000,0x00000007aada0000,0x00000007aae00000)
  to   space 512K, 0% used [0x00000007aad00000,0x00000007aad00000,0x00000007aad80000)
 ParOldGen       total 577024K, used 576726K [0x0000000700000000, 0x0000000723380000, 0x00000007aab00000)
  object space 577024K, 99% used [0x0000000700000000,0x0000000723335ab0,0x0000000723380000)
 Metaspace       used 71479K, committed 72832K, reserved 1114112K
  class space    used 7456K, committed 8064K, reserved 1048576K
}
Event: 311.088 GC heap after
{Heap after GC invocations=694 (full 3):
 PSYoungGen      total 1536K, used 160K [0x00000007aab00000, 0x00000007aae00000, 0x0000000800000000)
  eden space 1024K, 0% used [0x00000007aab00000,0x00000007aab00000,0x00000007aac00000)
  from space 512K, 31% used [0x00000007aad00000,0x00000007aad28000,0x00000007aad80000)
  to   space 512K, 0% used [0x00000007aad80000,0x00000007aad80000,0x00000007aae00000)
 ParOldGen       total 577024K, used 576750K [0x0000000700000000, 0x0000000723380000, 0x00000007aab00000)
  object space 577024K, 99% used [0x0000000700000000,0x000000072333bab0,0x0000000723380000)
 Metaspace       used 71479K, committed 72832K, reserved 1114112K
  class space    used 7456K, committed 8064K, reserved 1048576K
}
Event: 311.122 GC heap before
{Heap before GC invocations=695 (full 3):
 PSYoungGen      total 1536K, used 1169K [0x00000007aab00000, 0x00000007aae00000, 0x0000000800000000)
  eden space 1024K, 98% used [0x00000007aab00000,0x00000007aabfc528,0x00000007aac00000)
  from space 512K, 31% used [0x00000007aad00000,0x00000007aad28000,0x00000007aad80000)
  to   space 512K, 0% used [0x00000007aad80000,0x00000007aad80000,0x00000007aae00000)
 ParOldGen       total 577024K, used 576750K [0x0000000700000000, 0x0000000723380000, 0x00000007aab00000)
  object space 577024K, 99% used [0x0000000700000000,0x000000072333bab0,0x0000000723380000)
 Metaspace       used 71481K, committed 72832K, reserved 1114112K
  class space    used 7456K, committed 8064K, reserved 1048576K
}
Event: 311.126 GC heap after
{Heap after GC invocations=695 (full 3):
 PSYoungGen      total 1536K, used 128K [0x00000007aab00000, 0x00000007aae00000, 0x0000000800000000)
  eden space 1024K, 0% used [0x00000007aab00000,0x00000007aab00000,0x00000007aac00000)
  from space 512K, 25% used [0x00000007aad80000,0x00000007aada0000,0x00000007aae00000)
  to   space 512K, 0% used [0x00000007aad00000,0x00000007aad00000,0x00000007aad80000)
 ParOldGen       total 577024K, used 576774K [0x0000000700000000, 0x0000000723380000, 0x00000007aab00000)
  object space 577024K, 99% used [0x0000000700000000,0x0000000723341ab0,0x0000000723380000)
 Metaspace       used 71481K, committed 72832K, reserved 1114112K
  class space    used 7456K, committed 8064K, reserved 1048576K
}
Event: 311.135 GC heap before
{Heap before GC invocations=696 (full 3):
 PSYoungGen      total 1536K, used 1151K [0x00000007aab00000, 0x00000007aae00000, 0x0000000800000000)
  eden space 1024K, 99% used [0x00000007aab00000,0x00000007aabffff8,0x00000007aac00000)
  from space 512K, 25% used [0x00000007aad80000,0x00000007aada0000,0x00000007aae00000)
  to   space 512K, 0% used [0x00000007aad00000,0x00000007aad00000,0x00000007aad80000)
 ParOldGen       total 577024K, used 576774K [0x0000000700000000, 0x0000000723380000, 0x00000007aab00000)
  object space 577024K, 99% used [0x0000000700000000,0x0000000723341ab0,0x0000000723380000)
 Metaspace       used 71481K, committed 72832K, reserved 1114112K
  class space    used 7456K, committed 8064K, reserved 1048576K
}
Event: 311.138 GC heap after
{Heap after GC invocations=696 (full 3):
 PSYoungGen      total 1536K, used 240K [0x00000007aab00000, 0x00000007aae00000, 0x0000000800000000)
  eden space 1024K, 0% used [0x00000007aab00000,0x00000007aab00000,0x00000007aac00000)
  from space 512K, 46% used [0x00000007aad00000,0x00000007aad3c010,0x00000007aad80000)
  to   space 512K, 0% used [0x00000007aad80000,0x00000007aad80000,0x00000007aae00000)
 ParOldGen       total 577024K, used 576822K [0x0000000700000000, 0x0000000723380000, 0x00000007aab00000)
  object space 577024K, 99% used [0x0000000700000000,0x000000072334dab0,0x0000000723380000)
 Metaspace       used 71481K, committed 72832K, reserved 1114112K
  class space    used 7456K, committed 8064K, reserved 1048576K
}
Event: 311.228 GC heap before
{Heap before GC invocations=697 (full 3):
 PSYoungGen      total 1536K, used 1264K [0x00000007aab00000, 0x00000007aae00000, 0x0000000800000000)
  eden space 1024K, 100% used [0x00000007aab00000,0x00000007aac00000,0x00000007aac00000)
  from space 512K, 46% used [0x00000007aad00000,0x00000007aad3c010,0x00000007aad80000)
  to   space 512K, 0% used [0x00000007aad80000,0x00000007aad80000,0x00000007aae00000)
 ParOldGen       total 577024K, used 576822K [0x0000000700000000, 0x0000000723380000, 0x00000007aab00000)
  object space 577024K, 99% used [0x0000000700000000,0x000000072334dab0,0x0000000723380000)
 Metaspace       used 71482K, committed 72832K, reserved 1114112K
  class space    used 7456K, committed 8064K, reserved 1048576K
}
Event: 311.231 GC heap after
{Heap after GC invocations=697 (full 3):
 PSYoungGen      total 1536K, used 128K [0x00000007aab00000, 0x00000007aae00000, 0x0000000800000000)
  eden space 1024K, 0% used [0x00000007aab00000,0x00000007aab00000,0x00000007aac00000)
  from space 512K, 25% used [0x00000007aad80000,0x00000007aada0000,0x00000007aae00000)
  to   space 512K, 0% used [0x00000007aad00000,0x00000007aad00000,0x00000007aad80000)
 ParOldGen       total 577024K, used 576846K [0x0000000700000000, 0x0000000723380000, 0x00000007aab00000)
  object space 577024K, 99% used [0x0000000700000000,0x0000000723353ab0,0x0000000723380000)
 Metaspace       used 71482K, committed 72832K, reserved 1114112K
  class space    used 7456K, committed 8064K, reserved 1048576K
}
Event: 311.248 GC heap before
{Heap before GC invocations=698 (full 3):
 PSYoungGen      total 1536K, used 1152K [0x00000007aab00000, 0x00000007aae00000, 0x0000000800000000)
  eden space 1024K, 100% used [0x00000007aab00000,0x00000007aac00000,0x00000007aac00000)
  from space 512K, 25% used [0x00000007aad80000,0x00000007aada0000,0x00000007aae00000)
  to   space 512K, 0% used [0x00000007aad00000,0x00000007aad00000,0x00000007aad80000)
 ParOldGen       total 577024K, used 576846K [0x0000000700000000, 0x0000000723380000, 0x00000007aab00000)
  object space 577024K, 99% used [0x0000000700000000,0x0000000723353ab0,0x0000000723380000)
 Metaspace       used 71489K, committed 72832K, reserved 1114112K
  class space    used 7456K, committed 8064K, reserved 1048576K
}
Event: 311.252 GC heap after
{Heap after GC invocations=698 (full 3):
 PSYoungGen      total 1536K, used 304K [0x00000007aab00000, 0x00000007aae00000, 0x0000000800000000)
  eden space 1024K, 0% used [0x00000007aab00000,0x00000007aab00000,0x00000007aac00000)
  from space 512K, 59% used [0x00000007aad00000,0x00000007aad4c010,0x00000007aad80000)
  to   space 512K, 0% used [0x00000007aad80000,0x00000007aad80000,0x00000007aae00000)
 ParOldGen       total 577024K, used 576894K [0x0000000700000000, 0x0000000723380000, 0x00000007aab00000)
  object space 577024K, 99% used [0x0000000700000000,0x000000072335fab0,0x0000000723380000)
 Metaspace       used 71489K, committed 72832K, reserved 1114112K
  class space    used 7456K, committed 8064K, reserved 1048576K
}
Event: 313.263 GC heap before
{Heap before GC invocations=699 (full 3):
 PSYoungGen      total 1536K, used 1324K [0x00000007aab00000, 0x00000007aae00000, 0x0000000800000000)
  eden space 1024K, 99% used [0x00000007aab00000,0x00000007aabff2e8,0x00000007aac00000)
  from space 512K, 59% used [0x00000007aad00000,0x00000007aad4c010,0x00000007aad80000)
  to   space 512K, 0% used [0x00000007aad80000,0x00000007aad80000,0x00000007aae00000)
 ParOldGen       total 577024K, used 576894K [0x0000000700000000, 0x0000000723380000, 0x00000007aab00000)
  object space 577024K, 99% used [0x0000000700000000,0x000000072335fab0,0x0000000723380000)
 Metaspace       used 71490K, committed 72832K, reserved 1114112K
  class space    used 7456K, committed 8064K, reserved 1048576K
}
Event: 313.275 GC heap after
{Heap after GC invocations=699 (full 3):
 PSYoungGen      total 1536K, used 256K [0x00000007aab00000, 0x00000007aae00000, 0x0000000800000000)
  eden space 1024K, 0% used [0x00000007aab00000,0x00000007aab00000,0x00000007aac00000)
  from space 512K, 50% used [0x00000007aad80000,0x00000007aadc0000,0x00000007aae00000)
  to   space 512K, 0% used [0x00000007aad00000,0x00000007aad00000,0x00000007aad80000)
 ParOldGen       total 577536K, used 577091K [0x0000000700000000, 0x0000000723400000, 0x00000007aab00000)
  object space 577536K, 99% used [0x0000000700000000,0x0000000723390f40,0x0000000723400000)
 Metaspace       used 71490K, committed 72832K, reserved 1114112K
  class space    used 7456K, committed 8064K, reserved 1048576K
}
Event: 313.290 GC heap before
{Heap before GC invocations=700 (full 3):
 PSYoungGen      total 1536K, used 1279K [0x00000007aab00000, 0x00000007aae00000, 0x0000000800000000)
  eden space 1024K, 99% used [0x00000007aab00000,0x00000007aabffff8,0x00000007aac00000)
  from space 512K, 50% used [0x00000007aad80000,0x00000007aadc0000,0x00000007aae00000)
  to   space 512K, 0% used [0x00000007aad00000,0x00000007aad00000,0x00000007aad80000)
 ParOldGen       total 577536K, used 577091K [0x0000000700000000, 0x0000000723400000, 0x00000007aab00000)
  object space 577536K, 99% used [0x0000000700000000,0x0000000723390f40,0x0000000723400000)
 Metaspace       used 71490K, committed 72832K, reserved 1114112K
  class space    used 7456K, committed 8064K, reserved 1048576K
}
Event: 313.293 GC heap after
{Heap after GC invocations=700 (full 3):
 PSYoungGen      total 1536K, used 336K [0x00000007aab00000, 0x00000007aae00000, 0x0000000800000000)
  eden space 1024K, 0% used [0x00000007aab00000,0x00000007aab00000,0x00000007aac00000)
  from space 512K, 65% used [0x00000007aad00000,0x00000007aad54010,0x00000007aad80000)
  to   space 512K, 0% used [0x00000007aad80000,0x00000007aad80000,0x00000007aae00000)
 ParOldGen       total 577536K, used 577275K [0x0000000700000000, 0x0000000723400000, 0x00000007aab00000)
  object space 577536K, 99% used [0x0000000700000000,0x00000007233bef40,0x0000000723400000)
 Metaspace       used 71490K, committed 72832K, reserved 1114112K
  class space    used 7456K, committed 8064K, reserved 1048576K
}
Event: 313.307 GC heap before
{Heap before GC invocations=701 (full 3):
 PSYoungGen      total 1536K, used 1360K [0x00000007aab00000, 0x00000007aae00000, 0x0000000800000000)
  eden space 1024K, 100% used [0x00000007aab00000,0x00000007aac00000,0x00000007aac00000)
  from space 512K, 65% used [0x00000007aad00000,0x00000007aad54010,0x00000007aad80000)
  to   space 512K, 0% used [0x00000007aad80000,0x00000007aad80000,0x00000007aae00000)
 ParOldGen       total 577536K, used 577275K [0x0000000700000000, 0x0000000723400000, 0x00000007aab00000)
  object space 577536K, 99% used [0x0000000700000000,0x00000007233bef40,0x0000000723400000)
 Metaspace       used 71493K, committed 72832K, reserved 1114112K
  class space    used 7456K, committed 8064K, reserved 1048576K
}
Event: 313.310 GC heap after
{Heap after GC invocations=701 (full 3):
 PSYoungGen      total 1536K, used 352K [0x00000007aab00000, 0x00000007aae00000, 0x0000000800000000)
  eden space 1024K, 0% used [0x00000007aab00000,0x00000007aab00000,0x00000007aac00000)
  from space 512K, 68% used [0x00000007aad80000,0x00000007aadd8000,0x00000007aae00000)
  to   space 512K, 0% used [0x00000007aad00000,0x00000007aad00000,0x00000007aad80000)
 ParOldGen       total 577536K, used 577315K [0x0000000700000000, 0x0000000723400000, 0x00000007aab00000)
  object space 577536K, 99% used [0x0000000700000000,0x00000007233c8f40,0x0000000723400000)
 Metaspace       used 71493K, committed 72832K, reserved 1114112K
  class space    used 7456K, committed 8064K, reserved 1048576K
}

