# JRE version: OpenJDK Runtime Environment Temurin-21.0.12.1+1 (21.0.12.1+1) (build 21.0.12.1+1-LTS)
# Java VM: OpenJDK 64-Bit Server VM Temurin-21.0.12.1+1 (21.0.12.1+1-LTS, mixed mode, sharing, tiered, compressed oops, compressed class ptrs, parallel gc, windows-amd64)
GC Precious Log:
 CardTable entry size: 512
 CPUs: 4 total, 4 available
 Memory: 1910M
 Large Page Support: Disabled
 NUMA Support: Disabled
 Compressed Oops: Enabled (Zero based)
 Alignments: Space 512K, Generation 512K, Heap 2M
 Heap Min Capacity: 100M
 Heap Initial Capacity: 100M
 Heap Max Capacity: 16G
 Pre-touch: Disabled
 Parallel Workers: 4
Heap:
 PSYoungGen      total 20480K, used 12579K [0x00000006aab00000, 0x00000006ac200000, 0x0000000800000000)
  eden space 18432K, 58% used [0x00000006aab00000,0x00000006ab5745e0,0x00000006abd00000)
  from space 2048K, 91% used [0x00000006ac000000,0x00000006ac1d49e0,0x00000006ac200000)
  to   space 2048K, 0% used [0x00000006abd00000,0x00000006abd00000,0x00000006abf00000)
 ParOldGen       total 68608K, used 38001K [0x0000000400000000, 0x0000000404300000, 0x00000006aab00000)
  object space 68608K, 55% used [0x0000000400000000,0x000000040251c7f0,0x0000000404300000)
 Metaspace       used 51054K, committed 52288K, reserved 1114112K
  class space    used 5583K, committed 6144K, reserved 1048576K
GC Heap History (20 events):
Event: 23.289 GC heap before
{Heap before GC invocations=21 (full 2):
 PSYoungGen      total 23040K, used 22927K [0x00000006aab00000, 0x00000006ac380000, 0x0000000800000000)
  eden space 22016K, 99% used [0x00000006aab00000,0x00000006ac07eec8,0x00000006ac080000)
  from space 1024K, 89% used [0x00000006ac280000,0x00000006ac364ed0,0x00000006ac380000)
  to   space 1536K, 0% used [0x00000006ac080000,0x00000006ac080000,0x00000006ac200000)
 ParOldGen       total 68608K, used 23137K [0x0000000400000000, 0x0000000404300000, 0x00000006aab00000)
  object space 68608K, 33% used [0x0000000400000000,0x0000000401698628,0x0000000404300000)
 Metaspace       used 48270K, committed 49472K, reserved 1114112K
  class space    used 5297K, committed 5824K, reserved 1048576K
}
Event: 23.293 GC heap after
{Heap after GC invocations=21 (full 2):
 PSYoungGen      total 23552K, used 1159K [0x00000006aab00000, 0x00000006ac380000, 0x0000000800000000)
  eden space 22016K, 0% used [0x00000006aab00000,0x00000006aab00000,0x00000006ac080000)
  from space 1536K, 75% used [0x00000006ac080000,0x00000006ac1a1ee0,0x00000006ac200000)
  to   space 1536K, 0% used [0x00000006ac200000,0x00000006ac200000,0x00000006ac380000)
 ParOldGen       total 68608K, used 23855K [0x0000000400000000, 0x0000000404300000, 0x00000006aab00000)
  object space 68608K, 34% used [0x0000000400000000,0x000000040174be20,0x0000000404300000)
 Metaspace       used 48270K, committed 49472K, reserved 1114112K
  class space    used 5297K, committed 5824K, reserved 1048576K
}
Event: 24.076 GC heap before
{Heap before GC invocations=22 (full 2):
 PSYoungGen      total 23552K, used 23175K [0x00000006aab00000, 0x00000006ac380000, 0x0000000800000000)
  eden space 22016K, 100% used [0x00000006aab00000,0x00000006ac080000,0x00000006ac080000)
  from space 1536K, 75% used [0x00000006ac080000,0x00000006ac1a1ee0,0x00000006ac200000)
  to   space 1536K, 0% used [0x00000006ac200000,0x00000006ac200000,0x00000006ac380000)
 ParOldGen       total 68608K, used 23855K [0x0000000400000000, 0x0000000404300000, 0x00000006aab00000)
  object space 68608K, 34% used [0x0000000400000000,0x000000040174be20,0x0000000404300000)
 Metaspace       used 49358K, committed 50496K, reserved 1114112K
  class space    used 5419K, committed 5952K, reserved 1048576K
}
Event: 24.080 GC heap after
{Heap after GC invocations=22 (full 2):
 PSYoungGen      total 22528K, used 448K [0x00000006aab00000, 0x00000006ac280000, 0x0000000800000000)
  eden space 22016K, 0% used [0x00000006aab00000,0x00000006aab00000,0x00000006ac080000)
  from space 512K, 87% used [0x00000006ac200000,0x00000006ac270010,0x00000006ac280000)
  to   space 1024K, 0% used [0x00000006ac080000,0x00000006ac080000,0x00000006ac180000)
 ParOldGen       total 68608K, used 24908K [0x0000000400000000, 0x0000000404300000, 0x00000006aab00000)
  object space 68608K, 36% used [0x0000000400000000,0x00000004018531c8,0x0000000404300000)
 Metaspace       used 49358K, committed 50496K, reserved 1114112K
  class space    used 5419K, committed 5952K, reserved 1048576K
}
Event: 24.586 GC heap before
{Heap before GC invocations=23 (full 2):
 PSYoungGen      total 22528K, used 22464K [0x00000006aab00000, 0x00000006ac280000, 0x0000000800000000)
  eden space 22016K, 100% used [0x00000006aab00000,0x00000006ac080000,0x00000006ac080000)
  from space 512K, 87% used [0x00000006ac200000,0x00000006ac270010,0x00000006ac280000)
  to   space 1024K, 0% used [0x00000006ac080000,0x00000006ac080000,0x00000006ac180000)
 ParOldGen       total 68608K, used 24908K [0x0000000400000000, 0x0000000404300000, 0x00000006aab00000)
  object space 68608K, 36% used [0x0000000400000000,0x00000004018531c8,0x0000000404300000)
 Metaspace       used 49726K, committed 50880K, reserved 1114112K
  class space    used 5453K, committed 5952K, reserved 1048576K
}
Event: 24.593 GC heap after
{Heap after GC invocations=23 (full 2):
 PSYoungGen      total 23040K, used 992K [0x00000006aab00000, 0x00000006ac580000, 0x0000000800000000)
  eden space 22016K, 0% used [0x00000006aab00000,0x00000006aab00000,0x00000006ac080000)
  from space 1024K, 96% used [0x00000006ac080000,0x00000006ac178040,0x00000006ac180000)
  to   space 2560K, 0% used [0x00000006ac300000,0x00000006ac300000,0x00000006ac580000)
 ParOldGen       total 68608K, used 26068K [0x0000000400000000, 0x0000000404300000, 0x00000006aab00000)
  object space 68608K, 37% used [0x0000000400000000,0x00000004019751c8,0x0000000404300000)
 Metaspace       used 49726K, committed 50880K, reserved 1114112K
  class space    used 5453K, committed 5952K, reserved 1048576K
}
Event: 25.124 GC heap before
{Heap before GC invocations=24 (full 2):
 PSYoungGen      total 23040K, used 23008K [0x00000006aab00000, 0x00000006ac580000, 0x0000000800000000)
  eden space 22016K, 100% used [0x00000006aab00000,0x00000006ac080000,0x00000006ac080000)
  from space 1024K, 96% used [0x00000006ac080000,0x00000006ac178040,0x00000006ac180000)
  to   space 2560K, 0% used [0x00000006ac300000,0x00000006ac300000,0x00000006ac580000)
 ParOldGen       total 68608K, used 26166K [0x0000000400000000, 0x0000000404300000, 0x00000006aab00000)
  object space 68608K, 38% used [0x0000000400000000,0x000000040198d9c8,0x0000000404300000)
 Metaspace       used 49828K, committed 50944K, reserved 1114112K
  class space    used 5460K, committed 5952K, reserved 1048576K
}
Event: 25.134 GC heap after
{Heap after GC invocations=24 (full 2):
 PSYoungGen      total 24576K, used 2309K [0x00000006aab00000, 0x00000006ac580000, 0x0000000800000000)
  eden space 22016K, 0% used [0x00000006aab00000,0x00000006aab00000,0x00000006ac080000)
  from space 2560K, 90% used [0x00000006ac300000,0x00000006ac541718,0x00000006ac580000)
  to   space 2560K, 0% used [0x00000006ac080000,0x00000006ac080000,0x00000006ac300000)
 ParOldGen       total 68608K, used 27059K [0x0000000400000000, 0x0000000404300000, 0x00000006aab00000)
  object space 68608K, 39% used [0x0000000400000000,0x0000000401a6cd50,0x0000000404300000)
 Metaspace       used 49828K, committed 50944K, reserved 1114112K
  class space    used 5460K, committed 5952K, reserved 1048576K
}
Event: 25.586 GC heap before
{Heap before GC invocations=25 (full 2):
 PSYoungGen      total 24576K, used 24325K [0x00000006aab00000, 0x00000006ac580000, 0x0000000800000000)
  eden space 22016K, 100% used [0x00000006aab00000,0x00000006ac080000,0x00000006ac080000)
  from space 2560K, 90% used [0x00000006ac300000,0x00000006ac541718,0x00000006ac580000)
  to   space 2560K, 0% used [0x00000006ac080000,0x00000006ac080000,0x00000006ac300000)
 ParOldGen       total 68608K, used 27061K [0x0000000400000000, 0x0000000404300000, 0x00000006aab00000)
  object space 68608K, 39% used [0x0000000400000000,0x0000000401a6d528,0x0000000404300000)
 Metaspace       used 50424K, committed 51648K, reserved 1114112K
  class space    used 5537K, committed 6080K, reserved 1048576K
}
Event: 25.593 GC heap after
{Heap after GC invocations=25 (full 2):
 PSYoungGen      total 24064K, used 1856K [0x00000006aab00000, 0x00000006ac480000, 0x0000000800000000)
  eden space 22016K, 0% used [0x00000006aab00000,0x00000006aab00000,0x00000006ac080000)
  from space 2048K, 90% used [0x00000006ac080000,0x00000006ac250030,0x00000006ac280000)
  to   space 2048K, 0% used [0x00000006ac280000,0x00000006ac280000,0x00000006ac480000)
 ParOldGen       total 68608K, used 29085K [0x0000000400000000, 0x0000000404300000, 0x00000006aab00000)
  object space 68608K, 42% used [0x0000000400000000,0x0000000401c67528,0x0000000404300000)
 Metaspace       used 50424K, committed 51648K, reserved 1114112K
  class space    used 5537K, committed 6080K, reserved 1048576K
}
Event: 25.904 GC heap before
{Heap before GC invocations=26 (full 2):
 PSYoungGen      total 24064K, used 23872K [0x00000006aab00000, 0x00000006ac480000, 0x0000000800000000)
  eden space 22016K, 100% used [0x00000006aab00000,0x00000006ac080000,0x00000006ac080000)
  from space 2048K, 90% used [0x00000006ac080000,0x00000006ac250030,0x00000006ac280000)
  to   space 2048K, 0% used [0x00000006ac280000,0x00000006ac280000,0x00000006ac480000)
 ParOldGen       total 68608K, used 29085K [0x0000000400000000, 0x0000000404300000, 0x00000006aab00000)
  object space 68608K, 42% used [0x0000000400000000,0x0000000401c67528,0x0000000404300000)
 Metaspace       used 50531K, committed 51712K, reserved 1114112K
  class space    used 5548K, committed 6080K, reserved 1048576K
}
Event: 25.914 GC heap after
{Heap after GC invocations=26 (full 2):
 PSYoungGen      total 23552K, used 2016K [0x00000006aab00000, 0x00000006ac580000, 0x0000000800000000)
  eden space 21504K, 0% used [0x00000006aab00000,0x00000006aab00000,0x00000006ac000000)
  from space 2048K, 98% used [0x00000006ac280000,0x00000006ac478000,0x00000006ac480000)
  to   space 2560K, 0% used [0x00000006ac000000,0x00000006ac000000,0x00000006ac280000)
 ParOldGen       total 68608K, used 30745K [0x0000000400000000, 0x0000000404300000, 0x00000006aab00000)
  object space 68608K, 44% used [0x0000000400000000,0x0000000401e06658,0x0000000404300000)
 Metaspace       used 50531K, committed 51712K, reserved 1114112K
  class space    used 5548K, committed 6080K, reserved 1048576K
}
Event: 26.058 GC heap before
{Heap before GC invocations=27 (full 2):
 PSYoungGen      total 23552K, used 23520K [0x00000006aab00000, 0x00000006ac580000, 0x0000000800000000)
  eden space 21504K, 100% used [0x00000006aab00000,0x00000006ac000000,0x00000006ac000000)
  from space 2048K, 98% used [0x00000006ac280000,0x00000006ac478000,0x00000006ac480000)
  to   space 2560K, 0% used [0x00000006ac000000,0x00000006ac000000,0x00000006ac280000)
 ParOldGen       total 68608K, used 30745K [0x0000000400000000, 0x0000000404300000, 0x00000006aab00000)
  object space 68608K, 44% used [0x0000000400000000,0x0000000401e06658,0x0000000404300000)
 Metaspace       used 50772K, committed 51968K, reserved 1114112K
  class space    used 5564K, committed 6080K, reserved 1048576K
}
Event: 26.067 GC heap after
{Heap after GC invocations=27 (full 2):
 PSYoungGen      total 24064K, used 2138K [0x00000006aab00000, 0x00000006ac500000, 0x0000000800000000)
  eden space 21504K, 0% used [0x00000006aab00000,0x00000006aab00000,0x00000006ac000000)
  from space 2560K, 83% used [0x00000006ac000000,0x00000006ac216b38,0x00000006ac280000)
  to   space 2560K, 0% used [0x00000006ac280000,0x00000006ac280000,0x00000006ac500000)
 ParOldGen       total 68608K, used 32632K [0x0000000400000000, 0x0000000404300000, 0x00000006aab00000)
  object space 68608K, 47% used [0x0000000400000000,0x0000000401fde008,0x0000000404300000)
 Metaspace       used 50772K, committed 51968K, reserved 1114112K
  class space    used 5564K, committed 6080K, reserved 1048576K
}
Event: 26.265 GC heap before
{Heap before GC invocations=28 (full 2):
 PSYoungGen      total 24064K, used 23642K [0x00000006aab00000, 0x00000006ac500000, 0x0000000800000000)
  eden space 21504K, 100% used [0x00000006aab00000,0x00000006ac000000,0x00000006ac000000)
  from space 2560K, 83% used [0x00000006ac000000,0x00000006ac216b38,0x00000006ac280000)
  to   space 2560K, 0% used [0x00000006ac280000,0x00000006ac280000,0x00000006ac500000)
 ParOldGen       total 68608K, used 32632K [0x0000000400000000, 0x0000000404300000, 0x00000006aab00000)
  object space 68608K, 47% used [0x0000000400000000,0x0000000401fde008,0x0000000404300000)
 Metaspace       used 50794K, committed 51968K, reserved 1114112K
  class space    used 5564K, committed 6080K, reserved 1048576K
}
Event: 26.279 GC heap after
{Heap after GC invocations=28 (full 2):
 PSYoungGen      total 20992K, used 2533K [0x00000006aab00000, 0x00000006acb00000, 0x0000000800000000)
  eden space 18432K, 0% used [0x00000006aab00000,0x00000006aab00000,0x00000006abd00000)
  from space 2560K, 98% used [0x00000006ac280000,0x00000006ac4f97d8,0x00000006ac500000)
  to   space 5632K, 0% used [0x00000006abd00000,0x00000006abd00000,0x00000006ac280000)
 ParOldGen       total 68608K, used 34788K [0x0000000400000000, 0x0000000404300000, 0x00000006aab00000)
  object space 68608K, 50% used [0x0000000400000000,0x00000004021f9170,0x0000000404300000)
 Metaspace       used 50794K, committed 51968K, reserved 1114112K
  class space    used 5564K, committed 6080K, reserved 1048576K
}
Event: 26.552 GC heap before
{Heap before GC invocations=29 (full 2):
 PSYoungGen      total 20992K, used 20965K [0x00000006aab00000, 0x00000006acb00000, 0x0000000800000000)
  eden space 18432K, 100% used [0x00000006aab00000,0x00000006abd00000,0x00000006abd00000)
  from space 2560K, 98% used [0x00000006ac280000,0x00000006ac4f97d8,0x00000006ac500000)
  to   space 5632K, 0% used [0x00000006abd00000,0x00000006abd00000,0x00000006ac280000)
 ParOldGen       total 68608K, used 34788K [0x0000000400000000, 0x0000000404300000, 0x00000006aab00000)
  object space 68608K, 50% used [0x0000000400000000,0x00000004021f9170,0x0000000404300000)
 Metaspace       used 50835K, committed 51968K, reserved 1114112K
  class space    used 5566K, committed 6080K, reserved 1048576K
}
Event: 26.561 GC heap after
{Heap after GC invocations=29 (full 2):
 PSYoungGen      total 20480K, used 1638K [0x00000006aab00000, 0x00000006ac300000, 0x0000000800000000)
  eden space 18432K, 0% used [0x00000006aab00000,0x00000006aab00000,0x00000006abd00000)
  from space 2048K, 79% used [0x00000006abd00000,0x00000006abe99820,0x00000006abf00000)
  to   space 3072K, 0% used [0x00000006ac000000,0x00000006ac000000,0x00000006ac300000)
 ParOldGen       total 68608K, used 36793K [0x0000000400000000, 0x0000000404300000, 0x00000006aab00000)
  object space 68608K, 53% used [0x0000000400000000,0x00000004023ee7f0,0x0000000404300000)
 Metaspace       used 50835K, committed 51968K, reserved 1114112K
  class space    used 5566K, committed 6080K, reserved 1048576K
}
Event: 26.939 GC heap before
{Heap before GC invocations=30 (full 2):
 PSYoungGen      total 20480K, used 20070K [0x00000006aab00000, 0x00000006ac300000, 0x0000000800000000)
  eden space 18432K, 100% used [0x00000006aab00000,0x00000006abd00000,0x00000006abd00000)
  from space 2048K, 79% used [0x00000006abd00000,0x00000006abe99820,0x00000006abf00000)
  to   space 3072K, 0% used [0x00000006ac000000,0x00000006ac000000,0x00000006ac300000)
 ParOldGen       total 68608K, used 36793K [0x0000000400000000, 0x0000000404300000, 0x00000006aab00000)
  object space 68608K, 53% used [0x0000000400000000,0x00000004023ee7f0,0x0000000404300000)
 Metaspace       used 50856K, committed 51968K, reserved 1114112K
  class space    used 5566K, committed 6080K, reserved 1048576K
}
Event: 26.948 GC heap after
{Heap after GC invocations=30 (full 2):
 PSYoungGen      total 20480K, used 1874K [0x00000006aab00000, 0x00000006ac200000, 0x0000000800000000)
  eden space 18432K, 0% used [0x00000006aab00000,0x00000006aab00000,0x00000006abd00000)
  from space 2048K, 91% used [0x00000006ac000000,0x00000006ac1d49e0,0x00000006ac200000)
  to   space 2048K, 0% used [0x00000006abd00000,0x00000006abd00000,0x00000006abf00000)
 ParOldGen       total 68608K, used 38001K [0x0000000400000000, 0x0000000404300000, 0x00000006aab00000)
  object space 68608K, 55% used [0x0000000400000000,0x000000040251c7f0,0x0000000404300000)
 Metaspace       used 50856K, committed 51968K, reserved 1114112K
  class space    used 5566K, committed 6080K, reserved 1048576K
}

