# JRE version: OpenJDK Runtime Environment Temurin-21.0.12.1+1 (21.0.12.1+1) (build 21.0.12.1+1-LTS)
# Java VM: OpenJDK 64-Bit Server VM Temurin-21.0.12.1+1 (21.0.12.1+1-LTS, mixed mode, sharing, tiered, compressed oops, compressed class ptrs, parallel gc, windows-amd64)
GC Precious Log:
 CardTable entry size: 512
 CPUs: 4 total, 4 available
 Memory: 1910M
 Large Page Support: Disabled
 NUMA Support: Disabled
 Compressed Oops: Enabled (Zero based)
 Alignments: Space 512K, Generation 512K, Heap 2M
 Heap Min Capacity: 100M
 Heap Initial Capacity: 100M
 Heap Max Capacity: 16G
 Pre-touch: Disabled
 Parallel Workers: 4
Heap:
 PSYoungGen      total 22528K, used 15893K [0x00000006aab00000, 0x00000006ac500000, 0x0000000800000000)
  eden space 21504K, 73% used [0x00000006aab00000,0x00000006aba854b0,0x00000006ac000000)
  from space 1024K, 0% used [0x00000006ac400000,0x00000006ac400000,0x00000006ac500000)
  to   space 1024K, 0% used [0x00000006ac300000,0x00000006ac300000,0x00000006ac400000)
 ParOldGen       total 68608K, used 41106K [0x0000000400000000, 0x0000000404300000, 0x00000006aab00000)
  object space 68608K, 59% used [0x0000000400000000,0x0000000402824bc8,0x0000000404300000)
 Metaspace       used 59646K, committed 60992K, reserved 1114112K
  class space    used 6378K, committed 6976K, reserved 1048576K
GC Heap History (20 events):
Event: 67.054 GC heap before
{Heap before GC invocations=26 (full 2):
 PSYoungGen      total 23552K, used 23424K [0x00000006aab00000, 0x00000006ac400000, 0x0000000800000000)
  eden space 21504K, 100% used [0x00000006aab00000,0x00000006ac000000,0x00000006ac000000)
  from space 2048K, 93% used [0x00000006ac000000,0x00000006ac1e0000,0x00000006ac200000)
  to   space 2048K, 0% used [0x00000006ac200000,0x00000006ac200000,0x00000006ac400000)
 ParOldGen       total 68608K, used 30898K [0x0000000400000000, 0x0000000404300000, 0x00000006aab00000)
  object space 68608K, 45% used [0x0000000400000000,0x0000000401e2c800,0x0000000404300000)
 Metaspace       used 49595K, committed 50816K, reserved 1114112K
  class space    used 5425K, committed 5952K, reserved 1048576K
}
Event: 67.063 GC heap after
{Heap after GC invocations=26 (full 2):
 PSYoungGen      total 23552K, used 1956K [0x00000006aab00000, 0x00000006ac400000, 0x0000000800000000)
  eden space 21504K, 0% used [0x00000006aab00000,0x00000006aab00000,0x00000006ac000000)
  from space 2048K, 95% used [0x00000006ac200000,0x00000006ac3e9010,0x00000006ac400000)
  to   space 2048K, 0% used [0x00000006ac000000,0x00000006ac000000,0x00000006ac200000)
 ParOldGen       total 68608K, used 32728K [0x0000000400000000, 0x0000000404300000, 0x00000006aab00000)
  object space 68608K, 47% used [0x0000000400000000,0x0000000401ff61b0,0x0000000404300000)
 Metaspace       used 49595K, committed 50816K, reserved 1114112K
  class space    used 5425K, committed 5952K, reserved 1048576K
}
Event: 67.404 GC heap before
{Heap before GC invocations=27 (full 2):
 PSYoungGen      total 23552K, used 23460K [0x00000006aab00000, 0x00000006ac400000, 0x0000000800000000)
  eden space 21504K, 100% used [0x00000006aab00000,0x00000006ac000000,0x00000006ac000000)
  from space 2048K, 95% used [0x00000006ac200000,0x00000006ac3e9010,0x00000006ac400000)
  to   space 2048K, 0% used [0x00000006ac000000,0x00000006ac000000,0x00000006ac200000)
 ParOldGen       total 68608K, used 32728K [0x0000000400000000, 0x0000000404300000, 0x00000006aab00000)
  object space 68608K, 47% used [0x0000000400000000,0x0000000401ff61b0,0x0000000404300000)
 Metaspace       used 49638K, committed 50880K, reserved 1114112K
  class space    used 5429K, committed 5952K, reserved 1048576K
}
Event: 67.413 GC heap after
{Heap after GC invocations=27 (full 2):
 PSYoungGen      total 23552K, used 2016K [0x00000006aab00000, 0x00000006ac900000, 0x0000000800000000)
  eden space 21504K, 0% used [0x00000006aab00000,0x00000006aab00000,0x00000006ac000000)
  from space 2048K, 98% used [0x00000006ac000000,0x00000006ac1f8010,0x00000006ac200000)
  to   space 4608K, 0% used [0x00000006ac480000,0x00000006ac480000,0x00000006ac900000)
 ParOldGen       total 68608K, used 34568K [0x0000000400000000, 0x0000000404300000, 0x00000006aab00000)
  object space 68608K, 50% used [0x0000000400000000,0x00000004021c22b0,0x0000000404300000)
 Metaspace       used 49638K, committed 50880K, reserved 1114112K
  class space    used 5429K, committed 5952K, reserved 1048576K
}
Event: 67.646 GC heap before
{Heap before GC invocations=28 (full 2):
 PSYoungGen      total 23552K, used 23520K [0x00000006aab00000, 0x00000006ac900000, 0x0000000800000000)
  eden space 21504K, 100% used [0x00000006aab00000,0x00000006ac000000,0x00000006ac000000)
  from space 2048K, 98% used [0x00000006ac000000,0x00000006ac1f8010,0x00000006ac200000)
  to   space 4608K, 0% used [0x00000006ac480000,0x00000006ac480000,0x00000006ac900000)
 ParOldGen       total 68608K, used 34568K [0x0000000400000000, 0x0000000404300000, 0x00000006aab00000)
  object space 68608K, 50% used [0x0000000400000000,0x00000004021c22b0,0x0000000404300000)
 Metaspace       used 49721K, committed 51008K, reserved 1114112K
  class space    used 5437K, committed 5952K, reserved 1048576K
}
Event: 67.655 GC heap after
{Heap after GC invocations=28 (full 2):
 PSYoungGen      total 23552K, used 1784K [0x00000006aab00000, 0x00000006ac680000, 0x0000000800000000)
  eden space 21504K, 0% used [0x00000006aab00000,0x00000006aab00000,0x00000006ac000000)
  from space 2048K, 87% used [0x00000006ac480000,0x00000006ac63e200,0x00000006ac680000)
  to   space 2560K, 0% used [0x00000006ac180000,0x00000006ac180000,0x00000006ac400000)
 ParOldGen       total 68608K, used 36576K [0x0000000400000000, 0x0000000404300000, 0x00000006aab00000)
  object space 68608K, 53% used [0x0000000400000000,0x00000004023b82c0,0x0000000404300000)
 Metaspace       used 49721K, committed 51008K, reserved 1114112K
  class space    used 5437K, committed 5952K, reserved 1048576K
}
Event: 69.738 GC heap before
{Heap before GC invocations=29 (full 2):
 PSYoungGen      total 23552K, used 23288K [0x00000006aab00000, 0x00000006ac680000, 0x0000000800000000)
  eden space 21504K, 99% used [0x00000006aab00000,0x00000006abfffff0,0x00000006ac000000)
  from space 2048K, 87% used [0x00000006ac480000,0x00000006ac63e200,0x00000006ac680000)
  to   space 2560K, 0% used [0x00000006ac180000,0x00000006ac180000,0x00000006ac400000)
 ParOldGen       total 68608K, used 36576K [0x0000000400000000, 0x0000000404300000, 0x00000006aab00000)
  object space 68608K, 53% used [0x0000000400000000,0x00000004023b82c0,0x0000000404300000)
 Metaspace       used 50588K, committed 51776K, reserved 1114112K
  class space    used 5500K, committed 6016K, reserved 1048576K
}
Event: 69.754 GC heap after
{Heap after GC invocations=29 (full 2):
 PSYoungGen      total 24064K, used 2536K [0x00000006aab00000, 0x00000006acc00000, 0x0000000800000000)
  eden space 21504K, 0% used [0x00000006aab00000,0x00000006aab00000,0x00000006ac000000)
  from space 2560K, 99% used [0x00000006ac180000,0x00000006ac3fa000,0x00000006ac400000)
  to   space 6144K, 0% used [0x00000006ac600000,0x00000006ac600000,0x00000006acc00000)
 ParOldGen       total 68608K, used 39227K [0x0000000400000000, 0x0000000404300000, 0x00000006aab00000)
  object space 68608K, 57% used [0x0000000400000000,0x000000040264edc0,0x0000000404300000)
 Metaspace       used 50588K, committed 51776K, reserved 1114112K
  class space    used 5500K, committed 6016K, reserved 1048576K
}
Event: 71.825 GC heap before
{Heap before GC invocations=30 (full 2):
 PSYoungGen      total 24064K, used 24003K [0x00000006aab00000, 0x00000006acc00000, 0x0000000800000000)
  eden space 21504K, 99% used [0x00000006aab00000,0x00000006abff6f98,0x00000006ac000000)
  from space 2560K, 99% used [0x00000006ac180000,0x00000006ac3fa000,0x00000006ac400000)
  to   space 6144K, 0% used [0x00000006ac600000,0x00000006ac600000,0x00000006acc00000)
 ParOldGen       total 68608K, used 39227K [0x0000000400000000, 0x0000000404300000, 0x00000006aab00000)
  object space 68608K, 57% used [0x0000000400000000,0x000000040264edc0,0x0000000404300000)
 Metaspace       used 52397K, committed 53632K, reserved 1114112K
  class space    used 5669K, committed 6208K, reserved 1048576K
}
Event: 71.836 GC heap after
{Heap after GC invocations=30 (full 2):
 PSYoungGen      total 22528K, used 854K [0x00000006aab00000, 0x00000006ac700000, 0x0000000800000000)
  eden space 21504K, 0% used [0x00000006aab00000,0x00000006aab00000,0x00000006ac000000)
  from space 1024K, 83% used [0x00000006ac600000,0x00000006ac6d5bc0,0x00000006ac700000)
  to   space 2560K, 0% used [0x00000006ac200000,0x00000006ac200000,0x00000006ac480000)
 ParOldGen       total 68608K, used 41784K [0x0000000400000000, 0x0000000404300000, 0x00000006aab00000)
  object space 68608K, 60% used [0x0000000400000000,0x00000004028ce118,0x0000000404300000)
 Metaspace       used 52397K, committed 53632K, reserved 1114112K
  class space    used 5669K, committed 6208K, reserved 1048576K
}
Event: 72.361 GC heap before
{Heap before GC invocations=31 (full 2):
 PSYoungGen      total 22528K, used 22358K [0x00000006aab00000, 0x00000006ac700000, 0x0000000800000000)
  eden space 21504K, 100% used [0x00000006aab00000,0x00000006ac000000,0x00000006ac000000)
  from space 1024K, 83% used [0x00000006ac600000,0x00000006ac6d5bc0,0x00000006ac700000)
  to   space 2560K, 0% used [0x00000006ac200000,0x00000006ac200000,0x00000006ac480000)
 ParOldGen       total 68608K, used 41784K [0x0000000400000000, 0x0000000404300000, 0x00000006aab00000)
  object space 68608K, 60% used [0x0000000400000000,0x00000004028ce118,0x0000000404300000)
 Metaspace       used 52547K, committed 53760K, reserved 1114112K
  class space    used 5677K, committed 6208K, reserved 1048576K
}
Event: 72.365 GC heap after
{Heap after GC invocations=31 (full 2):
 PSYoungGen      total 24064K, used 1537K [0x00000006aab00000, 0x00000006ac680000, 0x0000000800000000)
  eden space 21504K, 0% used [0x00000006aab00000,0x00000006aab00000,0x00000006ac000000)
  from space 2560K, 60% used [0x00000006ac200000,0x00000006ac380598,0x00000006ac480000)
  to   space 2048K, 0% used [0x00000006ac480000,0x00000006ac480000,0x00000006ac680000)
 ParOldGen       total 68608K, used 42489K [0x0000000400000000, 0x0000000404300000, 0x00000006aab00000)
  object space 68608K, 61% used [0x0000000400000000,0x000000040297e7c8,0x0000000404300000)
 Metaspace       used 52547K, committed 53760K, reserved 1114112K
  class space    used 5677K, committed 6208K, reserved 1048576K
}
Event: 73.056 GC heap before
{Heap before GC invocations=32 (full 2):
 PSYoungGen      total 24064K, used 23041K [0x00000006aab00000, 0x00000006ac680000, 0x0000000800000000)
  eden space 21504K, 100% used [0x00000006aab00000,0x00000006ac000000,0x00000006ac000000)
  from space 2560K, 60% used [0x00000006ac200000,0x00000006ac380598,0x00000006ac480000)
  to   space 2048K, 0% used [0x00000006ac480000,0x00000006ac480000,0x00000006ac680000)
 ParOldGen       total 68608K, used 42489K [0x0000000400000000, 0x0000000404300000, 0x00000006aab00000)
  object space 68608K, 61% used [0x0000000400000000,0x000000040297e7c8,0x0000000404300000)
 Metaspace       used 53773K, committed 54976K, reserved 1114112K
  class space    used 5790K, committed 6272K, reserved 1048576K
}
Event: 73.060 GC heap after
{Heap after GC invocations=32 (full 2):
 PSYoungGen      total 22016K, used 256K [0x00000006aab00000, 0x00000006ac500000, 0x0000000800000000)
  eden space 21504K, 0% used [0x00000006aab00000,0x00000006aab00000,0x00000006ac000000)
  from space 512K, 50% used [0x00000006ac480000,0x00000006ac4c0000,0x00000006ac500000)
  to   space 1024K, 0% used [0x00000006ac300000,0x00000006ac300000,0x00000006ac400000)
 ParOldGen       total 68608K, used 42537K [0x0000000400000000, 0x0000000404300000, 0x00000006aab00000)
  object space 68608K, 62% used [0x0000000400000000,0x000000040298a7c8,0x0000000404300000)
 Metaspace       used 53773K, committed 54976K, reserved 1114112K
  class space    used 5790K, committed 6272K, reserved 1048576K
}
Event: 74.720 GC heap before
{Heap before GC invocations=33 (full 2):
 PSYoungGen      total 22016K, used 21704K [0x00000006aab00000, 0x00000006ac500000, 0x0000000800000000)
  eden space 21504K, 99% used [0x00000006aab00000,0x00000006abff21f0,0x00000006ac000000)
  from space 512K, 50% used [0x00000006ac480000,0x00000006ac4c0000,0x00000006ac500000)
  to   space 1024K, 0% used [0x00000006ac300000,0x00000006ac300000,0x00000006ac400000)
 ParOldGen       total 68608K, used 42537K [0x0000000400000000, 0x0000000404300000, 0x00000006aab00000)
  object space 68608K, 62% used [0x0000000400000000,0x000000040298a7c8,0x0000000404300000)
 Metaspace       used 56628K, committed 57920K, reserved 1114112K
  class space    used 6084K, committed 6656K, reserved 1048576K
}
Event: 74.726 GC heap after
{Heap after GC invocations=33 (full 2):
 PSYoungGen      total 22528K, used 1016K [0x00000006aab00000, 0x00000006ac500000, 0x0000000800000000)
  eden space 21504K, 0% used [0x00000006aab00000,0x00000006aab00000,0x00000006ac000000)
  from space 1024K, 99% used [0x00000006ac300000,0x00000006ac3fe3e8,0x00000006ac400000)
  to   space 1024K, 0% used [0x00000006ac400000,0x00000006ac400000,0x00000006ac500000)
 ParOldGen       total 68608K, used 42681K [0x0000000400000000, 0x0000000404300000, 0x00000006aab00000)
  object space 68608K, 62% used [0x0000000400000000,0x00000004029ae7c8,0x0000000404300000)
 Metaspace       used 56628K, committed 57920K, reserved 1114112K
  class space    used 6084K, committed 6656K, reserved 1048576K
}
Event: 75.996 GC heap before
{Heap before GC invocations=34 (full 2):
 PSYoungGen      total 22528K, used 16577K [0x00000006aab00000, 0x00000006ac500000, 0x0000000800000000)
  eden space 21504K, 72% used [0x00000006aab00000,0x00000006aba32298,0x00000006ac000000)
  from space 1024K, 99% used [0x00000006ac300000,0x00000006ac3fe3e8,0x00000006ac400000)
  to   space 1024K, 0% used [0x00000006ac400000,0x00000006ac400000,0x00000006ac500000)
 ParOldGen       total 68608K, used 42681K [0x0000000400000000, 0x0000000404300000, 0x00000006aab00000)
  object space 68608K, 62% used [0x0000000400000000,0x00000004029ae7c8,0x0000000404300000)
 Metaspace       used 58404K, committed 59776K, reserved 1114112K
  class space    used 6267K, committed 6848K, reserved 1048576K
}
Event: 76.002 GC heap after
{Heap after GC invocations=34 (full 2):
 PSYoungGen      total 22528K, used 827K [0x00000006aab00000, 0x00000006ac500000, 0x0000000800000000)
  eden space 21504K, 0% used [0x00000006aab00000,0x00000006aab00000,0x00000006ac000000)
  from space 1024K, 80% used [0x00000006ac400000,0x00000006ac4cee18,0x00000006ac500000)
  to   space 1024K, 0% used [0x00000006ac300000,0x00000006ac300000,0x00000006ac400000)
 ParOldGen       total 68608K, used 43551K [0x0000000400000000, 0x0000000404300000, 0x00000006aab00000)
  object space 68608K, 63% used [0x0000000400000000,0x0000000402a87cf0,0x0000000404300000)
 Metaspace       used 58404K, committed 59776K, reserved 1114112K
  class space    used 6267K, committed 6848K, reserved 1048576K
}
Event: 76.002 GC heap before
{Heap before GC invocations=35 (full 3):
 PSYoungGen      total 22528K, used 827K [0x00000006aab00000, 0x00000006ac500000, 0x0000000800000000)
  eden space 21504K, 0% used [0x00000006aab00000,0x00000006aab00000,0x00000006ac000000)
  from space 1024K, 80% used [0x00000006ac400000,0x00000006ac4cee18,0x00000006ac500000)
  to   space 1024K, 0% used [0x00000006ac300000,0x00000006ac300000,0x00000006ac400000)
 ParOldGen       total 68608K, used 43551K [0x0000000400000000, 0x0000000404300000, 0x00000006aab00000)
  object space 68608K, 63% used [0x0000000400000000,0x0000000402a87cf0,0x0000000404300000)
 Metaspace       used 58404K, committed 59776K, reserved 1114112K
  class space    used 6267K, committed 6848K, reserved 1048576K
}
Event: 76.880 GC heap after
{Heap after GC invocations=35 (full 3):
 PSYoungGen      total 22528K, used 0K [0x00000006aab00000, 0x00000006ac500000, 0x0000000800000000)
  eden space 21504K, 0% used [0x00000006aab00000,0x00000006aab00000,0x00000006ac000000)
  from space 1024K, 0% used [0x00000006ac400000,0x00000006ac400000,0x00000006ac500000)
  to   space 1024K, 0% used [0x00000006ac300000,0x00000006ac300000,0x00000006ac400000)
 ParOldGen       total 68608K, used 41106K [0x0000000400000000, 0x0000000404300000, 0x00000006aab00000)
  object space 68608K, 59% used [0x0000000400000000,0x0000000402824bc8,0x0000000404300000)
 Metaspace       used 58401K, committed 59776K, reserved 1114112K
  class space    used 6266K, committed 6848K, reserved 1048576K
}

