# JRE version: OpenJDK Runtime Environment Temurin-21.0.12.1+1 (21.0.12.1+1) (build 21.0.12.1+1-LTS)
# Java VM: OpenJDK 64-Bit Server VM Temurin-21.0.12.1+1 (21.0.12.1+1-LTS, mixed mode, sharing, tiered, compressed oops, compressed class ptrs, parallel gc, windows-amd64)
GC Precious Log:
 CardTable entry size: 512
 CPUs: 4 total, 4 available
 Memory: 1910M
 Large Page Support: Disabled
 NUMA Support: Disabled
 Compressed Oops: Enabled (Zero based)
 Alignments: Space 512K, Generation 512K, Heap 2M
 Heap Min Capacity: 100M
 Heap Initial Capacity: 100M
 Heap Max Capacity: 16G
 Pre-touch: Disabled
 Parallel Workers: 4
Heap:
 PSYoungGen      total 29696K, used 7922K [0x00000006aab00000, 0x00000006acc00000, 0x0000000800000000)
  eden space 25600K, 14% used [0x00000006aab00000,0x00000006aaebed48,0x00000006ac400000)
  from space 4096K, 99% used [0x00000006ac800000,0x00000006acbfdc70,0x00000006acc00000)
  to   space 4096K, 0% used [0x00000006ac400000,0x00000006ac400000,0x00000006ac800000)
 ParOldGen       total 68608K, used 6524K [0x0000000400000000, 0x0000000404300000, 0x00000006aab00000)
  object space 68608K, 9% used [0x0000000400000000,0x000000040065f118,0x0000000404300000)
 Metaspace       used 12283K, committed 12672K, reserved 1114112K
  class space    used 1295K, committed 1472K, reserved 1048576K
GC Heap History (8 events):
Event: 3.525 GC heap before
{Heap before GC invocations=1 (full 0):
 PSYoungGen      total 29696K, used 25600K [0x00000006aab00000, 0x00000006acc00000, 0x0000000800000000)
  eden space 25600K, 100% used [0x00000006aab00000,0x00000006ac400000,0x00000006ac400000)
  from space 4096K, 0% used [0x00000006ac800000,0x00000006ac800000,0x00000006acc00000)
  to   space 4096K, 0% used [0x00000006ac400000,0x00000006ac400000,0x00000006ac800000)
 ParOldGen       total 68608K, used 0K [0x0000000400000000, 0x0000000404300000, 0x00000006aab00000)
  object space 68608K, 0% used [0x0000000400000000,0x0000000400000000,0x0000000404300000)
 Metaspace       used 4374K, committed 4608K, reserved 1114112K
  class space    used 476K, committed 576K, reserved 1048576K
}
Event: 3.553 GC heap after
{Heap after GC invocations=1 (full 0):
 PSYoungGen      total 29696K, used 3312K [0x00000006aab00000, 0x00000006acc00000, 0x0000000800000000)
  eden space 25600K, 0% used [0x00000006aab00000,0x00000006aab00000,0x00000006ac400000)
  from space 4096K, 80% used [0x00000006ac400000,0x00000006ac73c148,0x00000006ac800000)
  to   space 4096K, 0% used [0x00000006ac800000,0x00000006ac800000,0x00000006acc00000)
 ParOldGen       total 68608K, used 0K [0x0000000400000000, 0x0000000404300000, 0x00000006aab00000)
  object space 68608K, 0% used [0x0000000400000000,0x0000000400000000,0x0000000404300000)
 Metaspace       used 4374K, committed 4608K, reserved 1114112K
  class space    used 476K, committed 576K, reserved 1048576K
}
Event: 6.333 GC heap before
{Heap before GC invocations=2 (full 0):
 PSYoungGen      total 29696K, used 28912K [0x00000006aab00000, 0x00000006acc00000, 0x0000000800000000)
  eden space 25600K, 100% used [0x00000006aab00000,0x00000006ac400000,0x00000006ac400000)
  from space 4096K, 80% used [0x00000006ac400000,0x00000006ac73c148,0x00000006ac800000)
  to   space 4096K, 0% used [0x00000006ac800000,0x00000006ac800000,0x00000006acc00000)
 ParOldGen       total 68608K, used 0K [0x0000000400000000, 0x0000000404300000, 0x00000006aab00000)
  object space 68608K, 0% used [0x0000000400000000,0x0000000400000000,0x0000000404300000)
 Metaspace       used 8046K, committed 8384K, reserved 1114112K
  class space    used 831K, committed 960K, reserved 1048576K
}
Event: 6.346 GC heap after
{Heap after GC invocations=2 (full 0):
 PSYoungGen      total 29696K, used 4086K [0x00000006aab00000, 0x00000006acc00000, 0x0000000800000000)
  eden space 25600K, 0% used [0x00000006aab00000,0x00000006aab00000,0x00000006ac400000)
  from space 4096K, 99% used [0x00000006ac800000,0x00000006acbfd810,0x00000006acc00000)
  to   space 4096K, 0% used [0x00000006ac400000,0x00000006ac400000,0x00000006ac800000)
 ParOldGen       total 68608K, used 1941K [0x0000000400000000, 0x0000000404300000, 0x00000006aab00000)
  object space 68608K, 2% used [0x0000000400000000,0x00000004001e56b8,0x0000000404300000)
 Metaspace       used 8046K, committed 8384K, reserved 1114112K
  class space    used 831K, committed 960K, reserved 1048576K
}
Event: 7.858 GC heap before
{Heap before GC invocations=3 (full 0):
 PSYoungGen      total 29696K, used 29590K [0x00000006aab00000, 0x00000006acc00000, 0x0000000800000000)
  eden space 25600K, 99% used [0x00000006aab00000,0x00000006ac3e83a0,0x00000006ac400000)
  from space 4096K, 99% used [0x00000006ac800000,0x00000006acbfd810,0x00000006acc00000)
  to   space 4096K, 0% used [0x00000006ac400000,0x00000006ac400000,0x00000006ac800000)
 ParOldGen       total 68608K, used 1941K [0x0000000400000000, 0x0000000404300000, 0x00000006aab00000)
  object space 68608K, 2% used [0x0000000400000000,0x00000004001e56b8,0x0000000404300000)
 Metaspace       used 9498K, committed 9792K, reserved 1114112K
  class space    used 1006K, committed 1152K, reserved 1048576K
}
Event: 7.870 GC heap after
{Heap after GC invocations=3 (full 0):
 PSYoungGen      total 29696K, used 4087K [0x00000006aab00000, 0x00000006acc00000, 0x0000000800000000)
  eden space 25600K, 0% used [0x00000006aab00000,0x00000006aab00000,0x00000006ac400000)
  from space 4096K, 99% used [0x00000006ac400000,0x00000006ac7fde60,0x00000006ac800000)
  to   space 4096K, 0% used [0x00000006ac800000,0x00000006ac800000,0x00000006acc00000)
 ParOldGen       total 68608K, used 4978K [0x0000000400000000, 0x0000000404300000, 0x00000006aab00000)
  object space 68608K, 7% used [0x0000000400000000,0x00000004004dca58,0x0000000404300000)
 Metaspace       used 9498K, committed 9792K, reserved 1114112K
  class space    used 1006K, committed 1152K, reserved 1048576K
}
Event: 10.865 GC heap before
{Heap before GC invocations=4 (full 0):
 PSYoungGen      total 29696K, used 29687K [0x00000006aab00000, 0x00000006acc00000, 0x0000000800000000)
  eden space 25600K, 100% used [0x00000006aab00000,0x00000006ac400000,0x00000006ac400000)
  from space 4096K, 99% used [0x00000006ac400000,0x00000006ac7fde60,0x00000006ac800000)
  to   space 4096K, 0% used [0x00000006ac800000,0x00000006ac800000,0x00000006acc00000)
 ParOldGen       total 68608K, used 4978K [0x0000000400000000, 0x0000000404300000, 0x00000006aab00000)
  object space 68608K, 7% used [0x0000000400000000,0x00000004004dca58,0x0000000404300000)
 Metaspace       used 11722K, committed 12160K, reserved 1114112K
  class space    used 1236K, committed 1408K, reserved 1048576K
}
Event: 10.878 GC heap after
{Heap after GC invocations=4 (full 0):
 PSYoungGen      total 29696K, used 4087K [0x00000006aab00000, 0x00000006acc00000, 0x0000000800000000)
  eden space 25600K, 0% used [0x00000006aab00000,0x00000006aab00000,0x00000006ac400000)
  from space 4096K, 99% used [0x00000006ac800000,0x00000006acbfdc70,0x00000006acc00000)
  to   space 4096K, 0% used [0x00000006ac400000,0x00000006ac400000,0x00000006ac800000)
 ParOldGen       total 68608K, used 6524K [0x0000000400000000, 0x0000000404300000, 0x00000006aab00000)
  object space 68608K, 9% used [0x0000000400000000,0x000000040065f118,0x0000000404300000)
 Metaspace       used 11722K, committed 12160K, reserved 1114112K
  class space    used 1236K, committed 1408K, reserved 1048576K
}

