# JRE version: OpenJDK Runtime Environment Temurin-21.0.12.1+1 (21.0.12.1+1) (build 21.0.12.1+1-LTS)
# Java VM: OpenJDK 64-Bit Server VM Temurin-21.0.12.1+1 (21.0.12.1+1-LTS, mixed mode, sharing, tiered, compressed oops, compressed class ptrs, parallel gc, windows-amd64)
GC Precious Log:
 CardTable entry size: 512
 CPUs: 4 total, 4 available
 Memory: 1910M
 Large Page Support: Disabled
 NUMA Support: Disabled
 Compressed Oops: Enabled (Zero based)
 Alignments: Space 512K, Generation 512K, Heap 2M
 Heap Min Capacity: 100M
 Heap Initial Capacity: 100M
 Heap Max Capacity: 4G
 Pre-touch: Disabled
 Parallel Workers: 4
Heap:
 PSYoungGen      total 23552K, used 11970K [0x00000007aab00000, 0x00000007ac600000, 0x0000000800000000)
  eden space 22016K, 54% used [0x00000007aab00000,0x00000007ab6b0ad0,0x00000007ac080000)
  from space 1536K, 0% used [0x00000007ac380000,0x00000007ac380000,0x00000007ac500000)
  to   space 1024K, 0% used [0x00000007ac500000,0x00000007ac500000,0x00000007ac600000)
 ParOldGen       total 68608K, used 18049K [0x0000000700000000, 0x0000000704300000, 0x00000007aab00000)
  object space 68608K, 26% used [0x0000000700000000,0x00000007011a06c0,0x0000000704300000)
 Metaspace       used 36215K, committed 37248K, reserved 1114112K
  class space    used 3796K, committed 4224K, reserved 1048576K
GC Heap History (20 events):
Event: 31.919 GC heap before
{Heap before GC invocations=6 (full 0):
 PSYoungGen      total 29184K, used 29165K [0x00000007aab00000, 0x00000007ace80000, 0x0000000800000000)
  eden space 25088K, 100% used [0x00000007aab00000,0x00000007ac380000,0x00000007ac380000)
  from space 4096K, 99% used [0x00000007ac400000,0x00000007ac7fb5e0,0x00000007ac800000)
  to   space 5632K, 0% used [0x00000007ac900000,0x00000007ac900000,0x00000007ace80000)
 ParOldGen       total 68608K, used 7743K [0x0000000700000000, 0x0000000704300000, 0x00000007aab00000)
  object space 68608K, 11% used [0x0000000700000000,0x000000070078fe10,0x0000000704300000)
 Metaspace       used 18863K, committed 19648K, reserved 1114112K
  class space    used 1977K, committed 2304K, reserved 1048576K
}
Event: 31.960 GC heap after
{Heap after GC invocations=6 (full 0):
 PSYoungGen      total 29696K, used 4864K [0x00000007aab00000, 0x00000007ace00000, 0x0000000800000000)
  eden space 24576K, 0% used [0x00000007aab00000,0x00000007aab00000,0x00000007ac300000)
  from space 5120K, 95% used [0x00000007ac900000,0x00000007acdc0180,0x00000007ace00000)
  to   space 5120K, 0% used [0x00000007ac400000,0x00000007ac400000,0x00000007ac900000)
 ParOldGen       total 68608K, used 7751K [0x0000000700000000, 0x0000000704300000, 0x00000007aab00000)
  object space 68608K, 11% used [0x0000000700000000,0x0000000700791e10,0x0000000704300000)
 Metaspace       used 18863K, committed 19648K, reserved 1114112K
  class space    used 1977K, committed 2304K, reserved 1048576K
}
Event: 36.187 GC heap before
{Heap before GC invocations=7 (full 0):
 PSYoungGen      total 29696K, used 24804K [0x00000007aab00000, 0x00000007ace00000, 0x0000000800000000)
  eden space 24576K, 81% used [0x00000007aab00000,0x00000007abe791d0,0x00000007ac300000)
  from space 5120K, 95% used [0x00000007ac900000,0x00000007acdc0180,0x00000007ace00000)
  to   space 5120K, 0% used [0x00000007ac400000,0x00000007ac400000,0x00000007ac900000)
 ParOldGen       total 68608K, used 7751K [0x0000000700000000, 0x0000000704300000, 0x00000007aab00000)
  object space 68608K, 11% used [0x0000000700000000,0x0000000700791e10,0x0000000704300000)
 Metaspace       used 20710K, committed 21504K, reserved 1114112K
  class space    used 2197K, committed 2560K, reserved 1048576K
}
Event: 36.202 GC heap after
{Heap after GC invocations=7 (full 0):
 PSYoungGen      total 29184K, used 4195K [0x00000007aab00000, 0x00000007acc00000, 0x0000000800000000)
  eden space 24576K, 0% used [0x00000007aab00000,0x00000007aab00000,0x00000007ac300000)
  from space 4608K, 91% used [0x00000007ac400000,0x00000007ac818dc0,0x00000007ac880000)
  to   space 3584K, 0% used [0x00000007ac880000,0x00000007ac880000,0x00000007acc00000)
 ParOldGen       total 68608K, used 9351K [0x0000000700000000, 0x0000000704300000, 0x00000007aab00000)
  object space 68608K, 13% used [0x0000000700000000,0x0000000700921f68,0x0000000704300000)
 Metaspace       used 20710K, committed 21504K, reserved 1114112K
  class space    used 2197K, committed 2560K, reserved 1048576K
}
Event: 36.203 GC heap before
{Heap before GC invocations=8 (full 1):
 PSYoungGen      total 29184K, used 4195K [0x00000007aab00000, 0x00000007acc00000, 0x0000000800000000)
  eden space 24576K, 0% used [0x00000007aab00000,0x00000007aab00000,0x00000007ac300000)
  from space 4608K, 91% used [0x00000007ac400000,0x00000007ac818dc0,0x00000007ac880000)
  to   space 3584K, 0% used [0x00000007ac880000,0x00000007ac880000,0x00000007acc00000)
 ParOldGen       total 68608K, used 9351K [0x0000000700000000, 0x0000000704300000, 0x00000007aab00000)
  object space 68608K, 13% used [0x0000000700000000,0x0000000700921f68,0x0000000704300000)
 Metaspace       used 20710K, committed 21504K, reserved 1114112K
  class space    used 2197K, committed 2560K, reserved 1048576K
}
Event: 36.396 GC heap after
{Heap after GC invocations=8 (full 1):
 PSYoungGen      total 29184K, used 0K [0x00000007aab00000, 0x00000007acc00000, 0x0000000800000000)
  eden space 24576K, 0% used [0x00000007aab00000,0x00000007aab00000,0x00000007ac300000)
  from space 4608K, 0% used [0x00000007ac400000,0x00000007ac400000,0x00000007ac880000)
  to   space 3584K, 0% used [0x00000007ac880000,0x00000007ac880000,0x00000007acc00000)
 ParOldGen       total 68608K, used 13056K [0x0000000700000000, 0x0000000704300000, 0x00000007aab00000)
  object space 68608K, 19% used [0x0000000700000000,0x0000000700cc0110,0x0000000704300000)
 Metaspace       used 20697K, committed 21504K, reserved 1114112K
  class space    used 2193K, committed 2560K, reserved 1048576K
}
Event: 38.832 GC heap before
{Heap before GC invocations=9 (full 1):
 PSYoungGen      total 29184K, used 24576K [0x00000007aab00000, 0x00000007acc00000, 0x0000000800000000)
  eden space 24576K, 100% used [0x00000007aab00000,0x00000007ac300000,0x00000007ac300000)
  from space 4608K, 0% used [0x00000007ac400000,0x00000007ac400000,0x00000007ac880000)
  to   space 3584K, 0% used [0x00000007ac880000,0x00000007ac880000,0x00000007acc00000)
 ParOldGen       total 68608K, used 13056K [0x0000000700000000, 0x0000000704300000, 0x00000007aab00000)
  object space 68608K, 19% used [0x0000000700000000,0x0000000700cc0110,0x0000000704300000)
 Metaspace       used 23115K, committed 24064K, reserved 1114112K
  class space    used 2449K, committed 2880K, reserved 1048576K
}
Event: 38.840 GC heap after
{Heap after GC invocations=9 (full 1):
 PSYoungGen      total 26624K, used 2071K [0x00000007aab00000, 0x00000007acb00000, 0x0000000800000000)
  eden space 24064K, 0% used [0x00000007aab00000,0x00000007aab00000,0x00000007ac280000)
  from space 2560K, 80% used [0x00000007ac880000,0x00000007aca85c08,0x00000007acb00000)
  to   space 3072K, 0% used [0x00000007ac500000,0x00000007ac500000,0x00000007ac800000)
 ParOldGen       total 68608K, used 13064K [0x0000000700000000, 0x0000000704300000, 0x00000007aab00000)
  object space 68608K, 19% used [0x0000000700000000,0x0000000700cc2110,0x0000000704300000)
 Metaspace       used 23115K, committed 24064K, reserved 1114112K
  class space    used 2449K, committed 2880K, reserved 1048576K
}
Event: 40.345 GC heap before
{Heap before GC invocations=10 (full 1):
 PSYoungGen      total 26624K, used 26135K [0x00000007aab00000, 0x00000007acb00000, 0x0000000800000000)
  eden space 24064K, 100% used [0x00000007aab00000,0x00000007ac280000,0x00000007ac280000)
  from space 2560K, 80% used [0x00000007ac880000,0x00000007aca85c08,0x00000007acb00000)
  to   space 3072K, 0% used [0x00000007ac500000,0x00000007ac500000,0x00000007ac800000)
 ParOldGen       total 68608K, used 13064K [0x0000000700000000, 0x0000000704300000, 0x00000007aab00000)
  object space 68608K, 19% used [0x0000000700000000,0x0000000700cc2110,0x0000000704300000)
 Metaspace       used 26643K, committed 27584K, reserved 1114112K
  class space    used 2778K, committed 3200K, reserved 1048576K
}
Event: 40.350 GC heap after
{Heap after GC invocations=10 (full 1):
 PSYoungGen      total 25088K, used 1097K [0x00000007aab00000, 0x00000007ac900000, 0x0000000800000000)
  eden space 23552K, 0% used [0x00000007aab00000,0x00000007aab00000,0x00000007ac200000)
  from space 1536K, 71% used [0x00000007ac500000,0x00000007ac6124d8,0x00000007ac680000)
  to   space 2048K, 0% used [0x00000007ac700000,0x00000007ac700000,0x00000007ac900000)
 ParOldGen       total 68608K, used 13072K [0x0000000700000000, 0x0000000704300000, 0x00000007aab00000)
  object space 68608K, 19% used [0x0000000700000000,0x0000000700cc4110,0x0000000704300000)
 Metaspace       used 26643K, committed 27584K, reserved 1114112K
  class space    used 2778K, committed 3200K, reserved 1048576K
}
Event: 44.477 GC heap before
{Heap before GC invocations=11 (full 1):
 PSYoungGen      total 25088K, used 24649K [0x00000007aab00000, 0x00000007ac900000, 0x0000000800000000)
  eden space 23552K, 100% used [0x00000007aab00000,0x00000007ac200000,0x00000007ac200000)
  from space 1536K, 71% used [0x00000007ac500000,0x00000007ac6124d8,0x00000007ac680000)
  to   space 2048K, 0% used [0x00000007ac700000,0x00000007ac700000,0x00000007ac900000)
 ParOldGen       total 68608K, used 13072K [0x0000000700000000, 0x0000000704300000, 0x00000007aab00000)
  object space 68608K, 19% used [0x0000000700000000,0x0000000700cc4110,0x0000000704300000)
 Metaspace       used 29176K, committed 30080K, reserved 1114112K
  class space    used 3019K, committed 3456K, reserved 1048576K
}
Event: 44.498 GC heap after
{Heap after GC invocations=11 (full 1):
 PSYoungGen      total 25088K, used 2043K [0x00000007aab00000, 0x00000007aca80000, 0x0000000800000000)
  eden space 23040K, 0% used [0x00000007aab00000,0x00000007aab00000,0x00000007ac180000)
  from space 2048K, 99% used [0x00000007ac700000,0x00000007ac8fedf0,0x00000007ac900000)
  to   space 4608K, 0% used [0x00000007ac180000,0x00000007ac180000,0x00000007ac600000)
 ParOldGen       total 68608K, used 15024K [0x0000000700000000, 0x0000000704300000, 0x00000007aab00000)
  object space 68608K, 21% used [0x0000000700000000,0x0000000700eac3d0,0x0000000704300000)
 Metaspace       used 29176K, committed 30080K, reserved 1114112K
  class space    used 3019K, committed 3456K, reserved 1048576K
}
Event: 45.981 GC heap before
{Heap before GC invocations=12 (full 1):
 PSYoungGen      total 25088K, used 25083K [0x00000007aab00000, 0x00000007aca80000, 0x0000000800000000)
  eden space 23040K, 100% used [0x00000007aab00000,0x00000007ac180000,0x00000007ac180000)
  from space 2048K, 99% used [0x00000007ac700000,0x00000007ac8fedf0,0x00000007ac900000)
  to   space 4608K, 0% used [0x00000007ac180000,0x00000007ac180000,0x00000007ac600000)
 ParOldGen       total 68608K, used 15024K [0x0000000700000000, 0x0000000704300000, 0x00000007aab00000)
  object space 68608K, 21% used [0x0000000700000000,0x0000000700eac3d0,0x0000000704300000)
 Metaspace       used 30178K, committed 31040K, reserved 1114112K
  class space    used 3106K, committed 3520K, reserved 1048576K
}
Event: 45.985 GC heap after
{Heap after GC invocations=12 (full 1):
 PSYoungGen      total 23552K, used 576K [0x00000007aab00000, 0x00000007ac780000, 0x0000000800000000)
  eden space 22528K, 0% used [0x00000007aab00000,0x00000007aab00000,0x00000007ac100000)
  from space 1024K, 56% used [0x00000007ac180000,0x00000007ac210000,0x00000007ac280000)
  to   space 2048K, 0% used [0x00000007ac580000,0x00000007ac580000,0x00000007ac780000)
 ParOldGen       total 68608K, used 16522K [0x0000000700000000, 0x0000000704300000, 0x00000007aab00000)
  object space 68608K, 24% used [0x0000000700000000,0x0000000701022a28,0x0000000704300000)
 Metaspace       used 30178K, committed 31040K, reserved 1114112K
  class space    used 3106K, committed 3520K, reserved 1048576K
}
Event: 47.733 GC heap before
{Heap before GC invocations=13 (full 1):
 PSYoungGen      total 23552K, used 23104K [0x00000007aab00000, 0x00000007ac780000, 0x0000000800000000)
  eden space 22528K, 100% used [0x00000007aab00000,0x00000007ac100000,0x00000007ac100000)
  from space 1024K, 56% used [0x00000007ac180000,0x00000007ac210000,0x00000007ac280000)
  to   space 2048K, 0% used [0x00000007ac580000,0x00000007ac580000,0x00000007ac780000)
 ParOldGen       total 68608K, used 16522K [0x0000000700000000, 0x0000000704300000, 0x00000007aab00000)
  object space 68608K, 24% used [0x0000000700000000,0x0000000701022a28,0x0000000704300000)
 Metaspace       used 32249K, committed 33280K, reserved 1114112K
  class space    used 3328K, committed 3776K, reserved 1048576K
}
Event: 47.747 GC heap after
{Heap after GC invocations=13 (full 1):
 PSYoungGen      total 23040K, used 928K [0x00000007aab00000, 0x00000007ac680000, 0x0000000800000000)
  eden space 22016K, 0% used [0x00000007aab00000,0x00000007aab00000,0x00000007ac080000)
  from space 1024K, 90% used [0x00000007ac580000,0x00000007ac668000,0x00000007ac680000)
  to   space 1536K, 0% used [0x00000007ac380000,0x00000007ac380000,0x00000007ac500000)
 ParOldGen       total 68608K, used 16962K [0x0000000700000000, 0x0000000704300000, 0x00000007aab00000)
  object space 68608K, 24% used [0x0000000700000000,0x0000000701090bb0,0x0000000704300000)
 Metaspace       used 32249K, committed 33280K, reserved 1114112K
  class space    used 3328K, committed 3776K, reserved 1048576K
}
Event: 51.276 GC heap before
{Heap before GC invocations=14 (full 1):
 PSYoungGen      total 23040K, used 20104K [0x00000007aab00000, 0x00000007ac680000, 0x0000000800000000)
  eden space 22016K, 87% used [0x00000007aab00000,0x00000007abdba338,0x00000007ac080000)
  from space 1024K, 90% used [0x00000007ac580000,0x00000007ac668000,0x00000007ac680000)
  to   space 1536K, 0% used [0x00000007ac380000,0x00000007ac380000,0x00000007ac500000)
 ParOldGen       total 68608K, used 16962K [0x0000000700000000, 0x0000000704300000, 0x00000007aab00000)
  object space 68608K, 24% used [0x0000000700000000,0x0000000701090bb0,0x0000000704300000)
 Metaspace       used 34879K, committed 35840K, reserved 1114112K
  class space    used 3612K, committed 4032K, reserved 1048576K
}
Event: 51.285 GC heap after
{Heap after GC invocations=14 (full 1):
 PSYoungGen      total 23552K, used 1116K [0x00000007aab00000, 0x00000007ac600000, 0x0000000800000000)
  eden space 22016K, 0% used [0x00000007aab00000,0x00000007aab00000,0x00000007ac080000)
  from space 1536K, 72% used [0x00000007ac380000,0x00000007ac4973e8,0x00000007ac500000)
  to   space 1024K, 0% used [0x00000007ac500000,0x00000007ac500000,0x00000007ac600000)
 ParOldGen       total 68608K, used 17784K [0x0000000700000000, 0x0000000704300000, 0x00000007aab00000)
  object space 68608K, 25% used [0x0000000700000000,0x000000070115e050,0x0000000704300000)
 Metaspace       used 34879K, committed 35840K, reserved 1114112K
  class space    used 3612K, committed 4032K, reserved 1048576K
}
Event: 51.285 GC heap before
{Heap before GC invocations=15 (full 2):
 PSYoungGen      total 23552K, used 1116K [0x00000007aab00000, 0x00000007ac600000, 0x0000000800000000)
  eden space 22016K, 0% used [0x00000007aab00000,0x00000007aab00000,0x00000007ac080000)
  from space 1536K, 72% used [0x00000007ac380000,0x00000007ac4973e8,0x00000007ac500000)
  to   space 1024K, 0% used [0x00000007ac500000,0x00000007ac500000,0x00000007ac600000)
 ParOldGen       total 68608K, used 17784K [0x0000000700000000, 0x0000000704300000, 0x00000007aab00000)
  object space 68608K, 25% used [0x0000000700000000,0x000000070115e050,0x0000000704300000)
 Metaspace       used 34879K, committed 35840K, reserved 1114112K
  class space    used 3612K, committed 4032K, reserved 1048576K
}
Event: 51.443 GC heap after
{Heap after GC invocations=15 (full 2):
 PSYoungGen      total 23552K, used 0K [0x00000007aab00000, 0x00000007ac600000, 0x0000000800000000)
  eden space 22016K, 0% used [0x00000007aab00000,0x00000007aab00000,0x00000007ac080000)
  from space 1536K, 0% used [0x00000007ac380000,0x00000007ac380000,0x00000007ac500000)
  to   space 1024K, 0% used [0x00000007ac500000,0x00000007ac500000,0x00000007ac600000)
 ParOldGen       total 68608K, used 18049K [0x0000000700000000, 0x0000000704300000, 0x00000007aab00000)
  object space 68608K, 26% used [0x0000000700000000,0x00000007011a06c0,0x0000000704300000)
 Metaspace       used 34879K, committed 35840K, reserved 1114112K
  class space    used 3612K, committed 4032K, reserved 1048576K
}

