# JRE version: OpenJDK Runtime Environment Temurin-21.0.12.1+1 (21.0.12.1+1) (build 21.0.12.1+1-LTS)
# Java VM: OpenJDK 64-Bit Server VM Temurin-21.0.12.1+1 (21.0.12.1+1-LTS, mixed mode, sharing, tiered, compressed oops, compressed class ptrs, parallel gc, windows-amd64)
GC Precious Log:
 CardTable entry size: 512
 CPUs: 4 total, 4 available
 Memory: 1910M
 Large Page Support: Disabled
 NUMA Support: Disabled
 Compressed Oops: Enabled (Zero based)
 Alignments: Space 512K, Generation 512K, Heap 2M
 Heap Min Capacity: 100M
 Heap Initial Capacity: 100M
 Heap Max Capacity: 16G
 Pre-touch: Disabled
 Parallel Workers: 4
Heap:
 PSYoungGen      total 29696K, used 6996K [0x00000006aab00000, 0x00000006acc00000, 0x0000000800000000)
  eden space 25600K, 11% used [0x00000006aab00000,0x00000006aadd9560,0x00000006ac400000)
  from space 4096K, 99% used [0x00000006ac800000,0x00000006acbfbb90,0x00000006acc00000)
  to   space 4096K, 0% used [0x00000006ac400000,0x00000006ac400000,0x00000006ac800000)
 ParOldGen       total 68608K, used 6643K [0x0000000400000000, 0x0000000404300000, 0x00000006aab00000)
  object space 68608K, 9% used [0x0000000400000000,0x000000040067cc30,0x0000000404300000)
 Metaspace       used 12091K, committed 12480K, reserved 1114112K
  class space    used 1275K, committed 1472K, reserved 1048576K
GC Heap History (8 events):
Event: 3.353 GC heap before
{Heap before GC invocations=1 (full 0):
 PSYoungGen      total 29696K, used 25600K [0x00000006aab00000, 0x00000006acc00000, 0x0000000800000000)
  eden space 25600K, 100% used [0x00000006aab00000,0x00000006ac400000,0x00000006ac400000)
  from space 4096K, 0% used [0x00000006ac800000,0x00000006ac800000,0x00000006acc00000)
  to   space 4096K, 0% used [0x00000006ac400000,0x00000006ac400000,0x00000006ac800000)
 ParOldGen       total 68608K, used 0K [0x0000000400000000, 0x0000000404300000, 0x00000006aab00000)
  object space 68608K, 0% used [0x0000000400000000,0x0000000400000000,0x0000000404300000)
 Metaspace       used 4350K, committed 4544K, reserved 1114112K
  class space    used 474K, committed 576K, reserved 1048576K
}
Event: 3.371 GC heap after
{Heap after GC invocations=1 (full 0):
 PSYoungGen      total 29696K, used 3303K [0x00000006aab00000, 0x00000006acc00000, 0x0000000800000000)
  eden space 25600K, 0% used [0x00000006aab00000,0x00000006aab00000,0x00000006ac400000)
  from space 4096K, 80% used [0x00000006ac400000,0x00000006ac739e98,0x00000006ac800000)
  to   space 4096K, 0% used [0x00000006ac800000,0x00000006ac800000,0x00000006acc00000)
 ParOldGen       total 68608K, used 8K [0x0000000400000000, 0x0000000404300000, 0x00000006aab00000)
  object space 68608K, 0% used [0x0000000400000000,0x0000000400002000,0x0000000404300000)
 Metaspace       used 4350K, committed 4544K, reserved 1114112K
  class space    used 474K, committed 576K, reserved 1048576K
}
Event: 6.399 GC heap before
{Heap before GC invocations=2 (full 0):
 PSYoungGen      total 29696K, used 28903K [0x00000006aab00000, 0x00000006acc00000, 0x0000000800000000)
  eden space 25600K, 100% used [0x00000006aab00000,0x00000006ac400000,0x00000006ac400000)
  from space 4096K, 80% used [0x00000006ac400000,0x00000006ac739e98,0x00000006ac800000)
  to   space 4096K, 0% used [0x00000006ac800000,0x00000006ac800000,0x00000006acc00000)
 ParOldGen       total 68608K, used 8K [0x0000000400000000, 0x0000000404300000, 0x00000006aab00000)
  object space 68608K, 0% used [0x0000000400000000,0x0000000400002000,0x0000000404300000)
 Metaspace       used 8042K, committed 8384K, reserved 1114112K
  class space    used 833K, committed 960K, reserved 1048576K
}
Event: 6.419 GC heap after
{Heap after GC invocations=2 (full 0):
 PSYoungGen      total 29696K, used 4080K [0x00000006aab00000, 0x00000006acc00000, 0x0000000800000000)
  eden space 25600K, 0% used [0x00000006aab00000,0x00000006aab00000,0x00000006ac400000)
  from space 4096K, 99% used [0x00000006ac800000,0x00000006acbfc148,0x00000006acc00000)
  to   space 4096K, 0% used [0x00000006ac400000,0x00000006ac400000,0x00000006ac800000)
 ParOldGen       total 68608K, used 1959K [0x0000000400000000, 0x0000000404300000, 0x00000006aab00000)
  object space 68608K, 2% used [0x0000000400000000,0x00000004001e9c90,0x0000000404300000)
 Metaspace       used 8042K, committed 8384K, reserved 1114112K
  class space    used 833K, committed 960K, reserved 1048576K
}
Event: 7.831 GC heap before
{Heap before GC invocations=3 (full 0):
 PSYoungGen      total 29696K, used 29680K [0x00000006aab00000, 0x00000006acc00000, 0x0000000800000000)
  eden space 25600K, 100% used [0x00000006aab00000,0x00000006ac400000,0x00000006ac400000)
  from space 4096K, 99% used [0x00000006ac800000,0x00000006acbfc148,0x00000006acc00000)
  to   space 4096K, 0% used [0x00000006ac400000,0x00000006ac400000,0x00000006ac800000)
 ParOldGen       total 68608K, used 1959K [0x0000000400000000, 0x0000000404300000, 0x00000006aab00000)
  object space 68608K, 2% used [0x0000000400000000,0x00000004001e9c90,0x0000000404300000)
 Metaspace       used 9490K, committed 9792K, reserved 1114112K
  class space    used 1007K, committed 1152K, reserved 1048576K
}
Event: 7.844 GC heap after
{Heap after GC invocations=3 (full 0):
 PSYoungGen      total 29696K, used 4070K [0x00000006aab00000, 0x00000006acc00000, 0x0000000800000000)
  eden space 25600K, 0% used [0x00000006aab00000,0x00000006aab00000,0x00000006ac400000)
  from space 4096K, 99% used [0x00000006ac400000,0x00000006ac7f9858,0x00000006ac800000)
  to   space 4096K, 0% used [0x00000006ac800000,0x00000006ac800000,0x00000006acc00000)
 ParOldGen       total 68608K, used 4934K [0x0000000400000000, 0x0000000404300000, 0x00000006aab00000)
  object space 68608K, 7% used [0x0000000400000000,0x00000004004d18e8,0x0000000404300000)
 Metaspace       used 9490K, committed 9792K, reserved 1114112K
  class space    used 1007K, committed 1152K, reserved 1048576K
}
Event: 10.831 GC heap before
{Heap before GC invocations=4 (full 0):
 PSYoungGen      total 29696K, used 29661K [0x00000006aab00000, 0x00000006acc00000, 0x0000000800000000)
  eden space 25600K, 99% used [0x00000006aab00000,0x00000006ac3fdf48,0x00000006ac400000)
  from space 4096K, 99% used [0x00000006ac400000,0x00000006ac7f9858,0x00000006ac800000)
  to   space 4096K, 0% used [0x00000006ac800000,0x00000006ac800000,0x00000006acc00000)
 ParOldGen       total 68608K, used 4934K [0x0000000400000000, 0x0000000404300000, 0x00000006aab00000)
  object space 68608K, 7% used [0x0000000400000000,0x00000004004d18e8,0x0000000404300000)
 Metaspace       used 11689K, committed 12096K, reserved 1114112K
  class space    used 1232K, committed 1408K, reserved 1048576K
}
Event: 10.848 GC heap after
{Heap after GC invocations=4 (full 0):
 PSYoungGen      total 29696K, used 4078K [0x00000006aab00000, 0x00000006acc00000, 0x0000000800000000)
  eden space 25600K, 0% used [0x00000006aab00000,0x00000006aab00000,0x00000006ac400000)
  from space 4096K, 99% used [0x00000006ac800000,0x00000006acbfbb90,0x00000006acc00000)
  to   space 4096K, 0% used [0x00000006ac400000,0x00000006ac400000,0x00000006ac800000)
 ParOldGen       total 68608K, used 6643K [0x0000000400000000, 0x0000000404300000, 0x00000006aab00000)
  object space 68608K, 9% used [0x0000000400000000,0x000000040067cc30,0x0000000404300000)
 Metaspace       used 11689K, committed 12096K, reserved 1114112K
  class space    used 1232K, committed 1408K, reserved 1048576K
}

