# JRE version: OpenJDK Runtime Environment Temurin-21.0.12.1+1 (21.0.12.1+1) (build 21.0.12.1+1-LTS)
# Java VM: OpenJDK 64-Bit Server VM Temurin-21.0.12.1+1 (21.0.12.1+1-LTS, mixed mode, sharing, tiered, compressed oops, compressed class ptrs, parallel gc, windows-amd64)
GC Precious Log:
 CardTable entry size: 512
 CPUs: 4 total, 4 available
 Memory: 1910M
 Large Page Support: Disabled
 NUMA Support: Disabled
 Compressed Oops: Enabled (Zero based)
 Alignments: Space 512K, Generation 512K, Heap 2M
 Heap Min Capacity: 100M
 Heap Initial Capacity: 100M
 Heap Max Capacity: 16G
 Pre-touch: Disabled
 Parallel Workers: 4
Heap:
 PSYoungGen      total 29184K, used 23268K [0x00000006aab00000, 0x00000006ace80000, 0x0000000800000000)
  eden space 25088K, 76% used [0x00000006aab00000,0x00000006abdbda60,0x00000006ac380000)
  from space 4096K, 99% used [0x00000006ac400000,0x00000006ac7fb5c8,0x00000006ac800000)
  to   space 5632K, 0% used [0x00000006ac900000,0x00000006ac900000,0x00000006ace80000)
 ParOldGen       total 68608K, used 7774K [0x0000000400000000, 0x0000000404300000, 0x00000006aab00000)
  object space 68608K, 11% used [0x0000000400000000,0x00000004007978f0,0x0000000404300000)
 Metaspace       used 18228K, committed 18944K, reserved 1114112K
  class space    used 1907K, committed 2240K, reserved 1048576K
GC Heap History (10 events):
Event: 1.907 GC heap before
{Heap before GC invocations=1 (full 0):
 PSYoungGen      total 29696K, used 25600K [0x00000006aab00000, 0x00000006acc00000, 0x0000000800000000)
  eden space 25600K, 100% used [0x00000006aab00000,0x00000006ac400000,0x00000006ac400000)
  from space 4096K, 0% used [0x00000006ac800000,0x00000006ac800000,0x00000006acc00000)
  to   space 4096K, 0% used [0x00000006ac400000,0x00000006ac400000,0x00000006ac800000)
 ParOldGen       total 68608K, used 0K [0x0000000400000000, 0x0000000404300000, 0x00000006aab00000)
  object space 68608K, 0% used [0x0000000400000000,0x0000000400000000,0x0000000404300000)
 Metaspace       used 4337K, committed 4544K, reserved 1114112K
  class space    used 474K, committed 576K, reserved 1048576K
}
Event: 1.920 GC heap after
{Heap after GC invocations=1 (full 0):
 PSYoungGen      total 29696K, used 3264K [0x00000006aab00000, 0x00000006acc00000, 0x0000000800000000)
  eden space 25600K, 0% used [0x00000006aab00000,0x00000006aab00000,0x00000006ac400000)
  from space 4096K, 79% used [0x00000006ac400000,0x00000006ac730158,0x00000006ac800000)
  to   space 4096K, 0% used [0x00000006ac800000,0x00000006ac800000,0x00000006acc00000)
 ParOldGen       total 68608K, used 16K [0x0000000400000000, 0x0000000404300000, 0x00000006aab00000)
  object space 68608K, 0% used [0x0000000400000000,0x0000000400004000,0x0000000404300000)
 Metaspace       used 4337K, committed 4544K, reserved 1114112K
  class space    used 474K, committed 576K, reserved 1048576K
}
Event: 4.290 GC heap before
{Heap before GC invocations=2 (full 0):
 PSYoungGen      total 29696K, used 28864K [0x00000006aab00000, 0x00000006acc00000, 0x0000000800000000)
  eden space 25600K, 100% used [0x00000006aab00000,0x00000006ac400000,0x00000006ac400000)
  from space 4096K, 79% used [0x00000006ac400000,0x00000006ac730158,0x00000006ac800000)
  to   space 4096K, 0% used [0x00000006ac800000,0x00000006ac800000,0x00000006acc00000)
 ParOldGen       total 68608K, used 16K [0x0000000400000000, 0x0000000404300000, 0x00000006aab00000)
  object space 68608K, 0% used [0x0000000400000000,0x0000000400004000,0x0000000404300000)
 Metaspace       used 8034K, committed 8320K, reserved 1114112K
  class space    used 832K, committed 960K, reserved 1048576K
}
Event: 4.307 GC heap after
{Heap after GC invocations=2 (full 0):
 PSYoungGen      total 29696K, used 4087K [0x00000006aab00000, 0x00000006acc00000, 0x0000000800000000)
  eden space 25600K, 0% used [0x00000006aab00000,0x00000006aab00000,0x00000006ac400000)
  from space 4096K, 99% used [0x00000006ac800000,0x00000006acbfdea8,0x00000006acc00000)
  to   space 4096K, 0% used [0x00000006ac400000,0x00000006ac400000,0x00000006ac800000)
 ParOldGen       total 68608K, used 1962K [0x0000000400000000, 0x0000000404300000, 0x00000006aab00000)
  object space 68608K, 2% used [0x0000000400000000,0x00000004001ea840,0x0000000404300000)
 Metaspace       used 8034K, committed 8320K, reserved 1114112K
  class space    used 832K, committed 960K, reserved 1048576K
}
Event: 5.266 GC heap before
{Heap before GC invocations=3 (full 0):
 PSYoungGen      total 29696K, used 29687K [0x00000006aab00000, 0x00000006acc00000, 0x0000000800000000)
  eden space 25600K, 100% used [0x00000006aab00000,0x00000006ac400000,0x00000006ac400000)
  from space 4096K, 99% used [0x00000006ac800000,0x00000006acbfdea8,0x00000006acc00000)
  to   space 4096K, 0% used [0x00000006ac400000,0x00000006ac400000,0x00000006ac800000)
 ParOldGen       total 68608K, used 1962K [0x0000000400000000, 0x0000000404300000, 0x00000006aab00000)
  object space 68608K, 2% used [0x0000000400000000,0x00000004001ea840,0x0000000404300000)
 Metaspace       used 9471K, committed 9792K, reserved 1114112K
  class space    used 1006K, committed 1152K, reserved 1048576K
}
Event: 5.277 GC heap after
{Heap after GC invocations=3 (full 0):
 PSYoungGen      total 29696K, used 4068K [0x00000006aab00000, 0x00000006acc00000, 0x0000000800000000)
  eden space 25600K, 0% used [0x00000006aab00000,0x00000006aab00000,0x00000006ac400000)
  from space 4096K, 99% used [0x00000006ac400000,0x00000006ac7f9010,0x00000006ac800000)
  to   space 4096K, 0% used [0x00000006ac800000,0x00000006ac800000,0x00000006acc00000)
 ParOldGen       total 68608K, used 4856K [0x0000000400000000, 0x0000000404300000, 0x00000006aab00000)
  object space 68608K, 7% used [0x0000000400000000,0x00000004004be308,0x0000000404300000)
 Metaspace       used 9471K, committed 9792K, reserved 1114112K
  class space    used 1006K, committed 1152K, reserved 1048576K
}
Event: 7.952 GC heap before
{Heap before GC invocations=4 (full 0):
 PSYoungGen      total 29696K, used 29663K [0x00000006aab00000, 0x00000006acc00000, 0x0000000800000000)
  eden space 25600K, 99% used [0x00000006aab00000,0x00000006ac3fed20,0x00000006ac400000)
  from space 4096K, 99% used [0x00000006ac400000,0x00000006ac7f9010,0x00000006ac800000)
  to   space 4096K, 0% used [0x00000006ac800000,0x00000006ac800000,0x00000006acc00000)
 ParOldGen       total 68608K, used 4856K [0x0000000400000000, 0x0000000404300000, 0x00000006aab00000)
  object space 68608K, 7% used [0x0000000400000000,0x00000004004be308,0x0000000404300000)
 Metaspace       used 11651K, committed 11968K, reserved 1114112K
  class space    used 1232K, committed 1408K, reserved 1048576K
}
Event: 7.963 GC heap after
{Heap after GC invocations=4 (full 0):
 PSYoungGen      total 29696K, used 4067K [0x00000006aab00000, 0x00000006acc00000, 0x0000000800000000)
  eden space 25600K, 0% used [0x00000006aab00000,0x00000006aab00000,0x00000006ac400000)
  from space 4096K, 99% used [0x00000006ac800000,0x00000006acbf8e60,0x00000006acc00000)
  to   space 4096K, 0% used [0x00000006ac400000,0x00000006ac400000,0x00000006ac800000)
 ParOldGen       total 68608K, used 6590K [0x0000000400000000, 0x0000000404300000, 0x00000006aab00000)
  object space 68608K, 9% used [0x0000000400000000,0x000000040066f9f8,0x0000000404300000)
 Metaspace       used 11651K, committed 11968K, reserved 1114112K
  class space    used 1232K, committed 1408K, reserved 1048576K
}
Event: 10.350 GC heap before
{Heap before GC invocations=5 (full 0):
 PSYoungGen      total 29696K, used 29667K [0x00000006aab00000, 0x00000006acc00000, 0x0000000800000000)
  eden space 25600K, 100% used [0x00000006aab00000,0x00000006ac400000,0x00000006ac400000)
  from space 4096K, 99% used [0x00000006ac800000,0x00000006acbf8e60,0x00000006acc00000)
  to   space 4096K, 0% used [0x00000006ac400000,0x00000006ac400000,0x00000006ac800000)
 ParOldGen       total 68608K, used 6590K [0x0000000400000000, 0x0000000404300000, 0x00000006aab00000)
  object space 68608K, 9% used [0x0000000400000000,0x000000040066f9f8,0x0000000404300000)
 Metaspace       used 15592K, committed 16192K, reserved 1114112K
  class space    used 1617K, committed 1856K, reserved 1048576K
}
Event: 10.369 GC heap after
{Heap after GC invocations=5 (full 0):
 PSYoungGen      total 29184K, used 4077K [0x00000006aab00000, 0x00000006ace80000, 0x0000000800000000)
  eden space 25088K, 0% used [0x00000006aab00000,0x00000006aab00000,0x00000006ac380000)
  from space 4096K, 99% used [0x00000006ac400000,0x00000006ac7fb5c8,0x00000006ac800000)
  to   space 5632K, 0% used [0x00000006ac900000,0x00000006ac900000,0x00000006ace80000)
 ParOldGen       total 68608K, used 7774K [0x0000000400000000, 0x0000000404300000, 0x00000006aab00000)
  object space 68608K, 11% used [0x0000000400000000,0x00000004007978f0,0x0000000404300000)
 Metaspace       used 15592K, committed 16192K, reserved 1114112K
  class space    used 1617K, committed 1856K, reserved 1048576K
}

