# JRE version: OpenJDK Runtime Environment Temurin-21.0.12.1+1 (21.0.12.1+1) (build 21.0.12.1+1-LTS)
# Java VM: OpenJDK 64-Bit Server VM Temurin-21.0.12.1+1 (21.0.12.1+1-LTS, mixed mode, sharing, tiered, compressed oops, compressed class ptrs, parallel gc, windows-amd64)
GC Precious Log:
 CardTable entry size: 512
 CPUs: 4 total, 4 available
 Memory: 1910M
 Large Page Support: Disabled
 NUMA Support: Disabled
 Compressed Oops: Enabled (Zero based)
 Alignments: Space 512K, Generation 512K, Heap 2M
 Heap Min Capacity: 100M
 Heap Initial Capacity: 100M
 Heap Max Capacity: 16G
 Pre-touch: Disabled
 Parallel Workers: 4
Heap:
 PSYoungGen      total 22016K, used 20857K [0x00000006aab00000, 0x00000006ac400000, 0x0000000800000000)
  eden space 21504K, 94% used [0x00000006aab00000,0x00000006abede4d0,0x00000006ac000000)
  from space 512K, 100% used [0x00000006ac000000,0x00000006ac080000,0x00000006ac080000)
  to   space 1536K, 0% used [0x00000006ac280000,0x00000006ac280000,0x00000006ac400000)
 ParOldGen       total 125440K, used 40576K [0x0000000400000000, 0x0000000407a80000, 0x00000006aab00000)
  object space 125440K, 32% used [0x0000000400000000,0x00000004027a00f8,0x0000000407a80000)
 Metaspace       used 66995K, committed 68224K, reserved 1114112K
  class space    used 7260K, committed 7808K, reserved 1048576K
GC Heap History (20 events):
Event: 3283.538 GC heap before
{Heap before GC invocations=43 (full 3):
 PSYoungGen      total 16896K, used 416K [0x00000006aab00000, 0x00000006abd80000, 0x0000000800000000)
  eden space 16384K, 0% used [0x00000006aab00000,0x00000006aab00000,0x00000006abb00000)
  from space 512K, 81% used [0x00000006abc00000,0x00000006abc68040,0x00000006abc80000)
  to   space 1024K, 0% used [0x00000006abc80000,0x00000006abc80000,0x00000006abd80000)
 ParOldGen       total 68608K, used 44409K [0x0000000400000000, 0x0000000404300000, 0x00000006aab00000)
  object space 68608K, 64% used [0x0000000400000000,0x0000000402b5e4c0,0x0000000404300000)
 Metaspace       used 65286K, committed 66752K, reserved 1114112K
  class space    used 7070K, committed 7744K, reserved 1048576K
}
Event: 3283.540 GC heap after
{Heap after GC invocations=43 (full 3):
 PSYoungGen      total 16896K, used 0K [0x00000006aab00000, 0x00000006abd00000, 0x0000000800000000)
  eden space 16384K, 0% used [0x00000006aab00000,0x00000006aab00000,0x00000006abb00000)
  from space 512K, 0% used [0x00000006abc80000,0x00000006abc80000,0x00000006abd00000)
  to   space 512K, 0% used [0x00000006abc00000,0x00000006abc00000,0x00000006abc80000)
 ParOldGen       total 68608K, used 44765K [0x0000000400000000, 0x0000000404300000, 0x00000006aab00000)
  object space 68608K, 65% used [0x0000000400000000,0x0000000402bb77d0,0x0000000404300000)
 Metaspace       used 65286K, committed 66752K, reserved 1114112K
  class space    used 7070K, committed 7744K, reserved 1048576K
}
Event: 3283.540 GC heap before
{Heap before GC invocations=44 (full 4):
 PSYoungGen      total 16896K, used 0K [0x00000006aab00000, 0x00000006abd00000, 0x0000000800000000)
  eden space 16384K, 0% used [0x00000006aab00000,0x00000006aab00000,0x00000006abb00000)
  from space 512K, 0% used [0x00000006abc80000,0x00000006abc80000,0x00000006abd00000)
  to   space 512K, 0% used [0x00000006abc00000,0x00000006abc00000,0x00000006abc80000)
 ParOldGen       total 68608K, used 44765K [0x0000000400000000, 0x0000000404300000, 0x00000006aab00000)
  object space 68608K, 65% used [0x0000000400000000,0x0000000402bb77d0,0x0000000404300000)
 Metaspace       used 65286K, committed 66752K, reserved 1114112K
  class space    used 7070K, committed 7744K, reserved 1048576K
}
Event: 3285.576 GC heap after
{Heap after GC invocations=44 (full 4):
 PSYoungGen      total 16896K, used 0K [0x00000006aab00000, 0x00000006abd00000, 0x0000000800000000)
  eden space 16384K, 0% used [0x00000006aab00000,0x00000006aab00000,0x00000006abb00000)
  from space 512K, 0% used [0x00000006abc00000,0x00000006abc00000,0x00000006abc80000)
  to   space 512K, 0% used [0x00000006abc80000,0x00000006abc80000,0x00000006abd00000)
 ParOldGen       total 69632K, used 43660K [0x0000000400000000, 0x0000000404400000, 0x00000006aab00000)
  object space 69632K, 62% used [0x0000000400000000,0x0000000402aa3190,0x0000000404400000)
 Metaspace       used 65286K, committed 66752K, reserved 1114112K
  class space    used 7070K, committed 7744K, reserved 1048576K
}
Event: 3285.576 GC heap before
{Heap before GC invocations=45 (full 4):
 PSYoungGen      total 16896K, used 0K [0x00000006aab00000, 0x00000006abd00000, 0x0000000800000000)
  eden space 16384K, 0% used [0x00000006aab00000,0x00000006aab00000,0x00000006abb00000)
  from space 512K, 0% used [0x00000006abc00000,0x00000006abc00000,0x00000006abc80000)
  to   space 512K, 0% used [0x00000006abc80000,0x00000006abc80000,0x00000006abd00000)
 ParOldGen       total 69632K, used 43660K [0x0000000400000000, 0x0000000404400000, 0x00000006aab00000)
  object space 69632K, 62% used [0x0000000400000000,0x0000000402aa3190,0x0000000404400000)
 Metaspace       used 65286K, committed 66752K, reserved 1114112K
  class space    used 7070K, committed 7744K, reserved 1048576K
}
Event: 3285.577 GC heap after
{Heap after GC invocations=45 (full 4):
 PSYoungGen      total 16896K, used 0K [0x00000006aab00000, 0x00000006abd00000, 0x0000000800000000)
  eden space 16384K, 0% used [0x00000006aab00000,0x00000006aab00000,0x00000006abb00000)
  from space 512K, 0% used [0x00000006abc80000,0x00000006abc80000,0x00000006abd00000)
  to   space 512K, 0% used [0x00000006abc00000,0x00000006abc00000,0x00000006abc80000)
 ParOldGen       total 69632K, used 43660K [0x0000000400000000, 0x0000000404400000, 0x00000006aab00000)
  object space 69632K, 62% used [0x0000000400000000,0x0000000402aa3190,0x0000000404400000)
 Metaspace       used 65286K, committed 66752K, reserved 1114112K
  class space    used 7070K, committed 7744K, reserved 1048576K
}
Event: 3285.577 GC heap before
{Heap before GC invocations=46 (full 5):
 PSYoungGen      total 16896K, used 0K [0x00000006aab00000, 0x00000006abd00000, 0x0000000800000000)
  eden space 16384K, 0% used [0x00000006aab00000,0x00000006aab00000,0x00000006abb00000)
  from space 512K, 0% used [0x00000006abc80000,0x00000006abc80000,0x00000006abd00000)
  to   space 512K, 0% used [0x00000006abc00000,0x00000006abc00000,0x00000006abc80000)
 ParOldGen       total 69632K, used 43660K [0x0000000400000000, 0x0000000404400000, 0x00000006aab00000)
  object space 69632K, 62% used [0x0000000400000000,0x0000000402aa3190,0x0000000404400000)
 Metaspace       used 65286K, committed 66752K, reserved 1114112K
  class space    used 7070K, committed 7744K, reserved 1048576K
}
Event: 3287.980 GC heap after
{Heap after GC invocations=46 (full 5):
 PSYoungGen      total 17920K, used 0K [0x00000006aab00000, 0x00000006abd00000, 0x0000000800000000)
  eden space 17408K, 0% used [0x00000006aab00000,0x00000006aab00000,0x00000006abc00000)
  from space 512K, 0% used [0x00000006abc00000,0x00000006abc00000,0x00000006abc80000)
  to   space 512K, 0% used [0x00000006abc80000,0x00000006abc80000,0x00000006abd00000)
 ParOldGen       total 85504K, used 39886K [0x0000000400000000, 0x0000000405380000, 0x00000006aab00000)
  object space 85504K, 46% used [0x0000000400000000,0x00000004026f3808,0x0000000405380000)
 Metaspace       used 64948K, committed 66752K, reserved 1114112K
  class space    used 6976K, committed 7744K, reserved 1048576K
}
Event: 3292.212 GC heap before
{Heap before GC invocations=47 (full 5):
 PSYoungGen      total 17920K, used 2422K [0x00000006aab00000, 0x00000006abd00000, 0x0000000800000000)
  eden space 17408K, 13% used [0x00000006aab00000,0x00000006aad5db98,0x00000006abc00000)
  from space 512K, 0% used [0x00000006abc00000,0x00000006abc00000,0x00000006abc80000)
  to   space 512K, 0% used [0x00000006abc80000,0x00000006abc80000,0x00000006abd00000)
 ParOldGen       total 85504K, used 39886K [0x0000000400000000, 0x0000000405380000, 0x00000006aab00000)
  object space 85504K, 46% used [0x0000000400000000,0x00000004026f3808,0x0000000405380000)
 Metaspace       used 65127K, committed 66880K, reserved 1114112K
  class space    used 6996K, committed 7744K, reserved 1048576K
}
Event: 3292.239 GC heap after
{Heap after GC invocations=47 (full 5):
 PSYoungGen      total 17920K, used 416K [0x00000006aab00000, 0x00000006abe00000, 0x0000000800000000)
  eden space 17408K, 0% used [0x00000006aab00000,0x00000006aab00000,0x00000006abc00000)
  from space 512K, 81% used [0x00000006abc80000,0x00000006abce8040,0x00000006abd00000)
  to   space 512K, 0% used [0x00000006abc00000,0x00000006abc00000,0x00000006abc80000)
 ParOldGen       total 85504K, used 39894K [0x0000000400000000, 0x0000000405380000, 0x00000006aab00000)
  object space 85504K, 46% used [0x0000000400000000,0x00000004026f5808,0x0000000405380000)
 Metaspace       used 65127K, committed 66880K, reserved 1114112K
  class space    used 6996K, committed 7744K, reserved 1048576K
}
Event: 3292.239 GC heap before
{Heap before GC invocations=48 (full 5):
 PSYoungGen      total 17920K, used 416K [0x00000006aab00000, 0x00000006abe00000, 0x0000000800000000)
  eden space 17408K, 0% used [0x00000006aab00000,0x00000006aab00000,0x00000006abc00000)
  from space 512K, 81% used [0x00000006abc80000,0x00000006abce8040,0x00000006abd00000)
  to   space 512K, 0% used [0x00000006abc00000,0x00000006abc00000,0x00000006abc80000)
 ParOldGen       total 85504K, used 39894K [0x0000000400000000, 0x0000000405380000, 0x00000006aab00000)
  object space 85504K, 46% used [0x0000000400000000,0x00000004026f5808,0x0000000405380000)
 Metaspace       used 65127K, committed 66880K, reserved 1114112K
  class space    used 6996K, committed 7744K, reserved 1048576K
}
Event: 3292.241 GC heap after
{Heap after GC invocations=48 (full 5):
 PSYoungGen      total 17920K, used 400K [0x00000006aab00000, 0x00000006abf00000, 0x0000000800000000)
  eden space 17408K, 0% used [0x00000006aab00000,0x00000006aab00000,0x00000006abc00000)
  from space 512K, 78% used [0x00000006abc00000,0x00000006abc64050,0x00000006abc80000)
  to   space 512K, 0% used [0x00000006abe80000,0x00000006abe80000,0x00000006abf00000)
 ParOldGen       total 85504K, used 39894K [0x0000000400000000, 0x0000000405380000, 0x00000006aab00000)
  object space 85504K, 46% used [0x0000000400000000,0x00000004026f5808,0x0000000405380000)
 Metaspace       used 65127K, committed 66880K, reserved 1114112K
  class space    used 6996K, committed 7744K, reserved 1048576K
}
Event: 3292.241 GC heap before
{Heap before GC invocations=49 (full 6):
 PSYoungGen      total 17920K, used 400K [0x00000006aab00000, 0x00000006abf00000, 0x0000000800000000)
  eden space 17408K, 0% used [0x00000006aab00000,0x00000006aab00000,0x00000006abc00000)
  from space 512K, 78% used [0x00000006abc00000,0x00000006abc64050,0x00000006abc80000)
  to   space 512K, 0% used [0x00000006abe80000,0x00000006abe80000,0x00000006abf00000)
 ParOldGen       total 85504K, used 39894K [0x0000000400000000, 0x0000000405380000, 0x00000006aab00000)
  object space 85504K, 46% used [0x0000000400000000,0x00000004026f5808,0x0000000405380000)
 Metaspace       used 65127K, committed 66880K, reserved 1114112K
  class space    used 6996K, committed 7744K, reserved 1048576K
}
Event: 3292.559 GC heap after
{Heap after GC invocations=49 (full 6):
 PSYoungGen      total 19968K, used 0K [0x00000006aab00000, 0x00000006abf00000, 0x0000000800000000)
  eden space 19456K, 0% used [0x00000006aab00000,0x00000006aab00000,0x00000006abe00000)
  from space 512K, 0% used [0x00000006abe80000,0x00000006abe80000,0x00000006abf00000)
  to   space 512K, 0% used [0x00000006abe00000,0x00000006abe00000,0x00000006abe80000)
 ParOldGen       total 100352K, used 40096K [0x0000000400000000, 0x0000000406200000, 0x00000006aab00000)
  object space 100352K, 39% used [0x0000000400000000,0x00000004027281c8,0x0000000406200000)
 Metaspace       used 65127K, committed 66880K, reserved 1114112K
  class space    used 6996K, committed 7744K, reserved 1048576K
}
Event: 3292.559 GC heap before
{Heap before GC invocations=50 (full 6):
 PSYoungGen      total 19968K, used 0K [0x00000006aab00000, 0x00000006abf00000, 0x0000000800000000)
  eden space 19456K, 0% used [0x00000006aab00000,0x00000006aab00000,0x00000006abe00000)
  from space 512K, 0% used [0x00000006abe80000,0x00000006abe80000,0x00000006abf00000)
  to   space 512K, 0% used [0x00000006abe00000,0x00000006abe00000,0x00000006abe80000)
 ParOldGen       total 100352K, used 40096K [0x0000000400000000, 0x0000000406200000, 0x00000006aab00000)
  object space 100352K, 39% used [0x0000000400000000,0x00000004027281c8,0x0000000406200000)
 Metaspace       used 65127K, committed 66880K, reserved 1114112K
  class space    used 6996K, committed 7744K, reserved 1048576K
}
Event: 3292.563 GC heap after
{Heap after GC invocations=50 (full 6):
 PSYoungGen      total 19968K, used 0K [0x00000006aab00000, 0x00000006ac100000, 0x0000000800000000)
  eden space 19456K, 0% used [0x00000006aab00000,0x00000006aab00000,0x00000006abe00000)
  from space 512K, 0% used [0x00000006abe00000,0x00000006abe00000,0x00000006abe80000)
  to   space 512K, 0% used [0x00000006ac080000,0x00000006ac080000,0x00000006ac100000)
 ParOldGen       total 100352K, used 40096K [0x0000000400000000, 0x0000000406200000, 0x00000006aab00000)
  object space 100352K, 39% used [0x0000000400000000,0x00000004027281c8,0x0000000406200000)
 Metaspace       used 65127K, committed 66880K, reserved 1114112K
  class space    used 6996K, committed 7744K, reserved 1048576K
}
Event: 3292.563 GC heap before
{Heap before GC invocations=51 (full 7):
 PSYoungGen      total 19968K, used 0K [0x00000006aab00000, 0x00000006ac100000, 0x0000000800000000)
  eden space 19456K, 0% used [0x00000006aab00000,0x00000006aab00000,0x00000006abe00000)
  from space 512K, 0% used [0x00000006abe00000,0x00000006abe00000,0x00000006abe80000)
  to   space 512K, 0% used [0x00000006ac080000,0x00000006ac080000,0x00000006ac100000)
 ParOldGen       total 100352K, used 40096K [0x0000000400000000, 0x0000000406200000, 0x00000006aab00000)
  object space 100352K, 39% used [0x0000000400000000,0x00000004027281c8,0x0000000406200000)
 Metaspace       used 65127K, committed 66880K, reserved 1114112K
  class space    used 6996K, committed 7744K, reserved 1048576K
}
Event: 3293.948 GC heap after
{Heap after GC invocations=51 (full 7):
 PSYoungGen      total 21504K, used 0K [0x00000006aab00000, 0x00000006ac100000, 0x0000000800000000)
  eden space 20992K, 0% used [0x00000006aab00000,0x00000006aab00000,0x00000006abf80000)
  from space 512K, 0% used [0x00000006ac080000,0x00000006ac080000,0x00000006ac100000)
  to   space 512K, 0% used [0x00000006ac000000,0x00000006ac000000,0x00000006ac080000)
 ParOldGen       total 125440K, used 40029K [0x0000000400000000, 0x0000000407a80000, 0x00000006aab00000)
  object space 125440K, 31% used [0x0000000400000000,0x0000000402717658,0x0000000407a80000)
 Metaspace       used 65111K, committed 66880K, reserved 1114112K
  class space    used 6992K, committed 7744K, reserved 1048576K
}
Event: 3298.712 GC heap before
{Heap before GC invocations=52 (full 7):
 PSYoungGen      total 21504K, used 20137K [0x00000006aab00000, 0x00000006ac100000, 0x0000000800000000)
  eden space 20992K, 95% used [0x00000006aab00000,0x00000006abeaa748,0x00000006abf80000)
  from space 512K, 0% used [0x00000006ac080000,0x00000006ac080000,0x00000006ac100000)
  to   space 512K, 0% used [0x00000006ac000000,0x00000006ac000000,0x00000006ac080000)
 ParOldGen       total 125440K, used 40029K [0x0000000400000000, 0x0000000407a80000, 0x00000006aab00000)
  object space 125440K, 31% used [0x0000000400000000,0x0000000402717658,0x0000000407a80000)
 Metaspace       used 66345K, committed 67648K, reserved 1114112K
  class space    used 7211K, committed 7808K, reserved 1048576K
}
Event: 3298.735 GC heap after
{Heap after GC invocations=52 (full 7):
 PSYoungGen      total 22016K, used 512K [0x00000006aab00000, 0x00000006ac400000, 0x0000000800000000)
  eden space 21504K, 0% used [0x00000006aab00000,0x00000006aab00000,0x00000006ac000000)
  from space 512K, 100% used [0x00000006ac000000,0x00000006ac080000,0x00000006ac080000)
  to   space 1536K, 0% used [0x00000006ac280000,0x00000006ac280000,0x00000006ac400000)
 ParOldGen       total 125440K, used 40576K [0x0000000400000000, 0x0000000407a80000, 0x00000006aab00000)
  object space 125440K, 32% used [0x0000000400000000,0x00000004027a00f8,0x0000000407a80000)
 Metaspace       used 66345K, committed 67648K, reserved 1114112K
  class space    used 7211K, committed 7808K, reserved 1048576K
}

