# JRE version: OpenJDK Runtime Environment Temurin-21.0.12.1+1 (21.0.12.1+1) (build 21.0.12.1+1-LTS)
# Java VM: OpenJDK 64-Bit Server VM Temurin-21.0.12.1+1 (21.0.12.1+1-LTS, mixed mode, sharing, tiered, compressed oops, compressed class ptrs, parallel gc, windows-amd64)
GC Precious Log:
 CardTable entry size: 512
 CPUs: 4 total, 4 available
 Memory: 1910M
 Large Page Support: Disabled
 NUMA Support: Disabled
 Compressed Oops: Enabled (Zero based)
 Alignments: Space 512K, Generation 512K, Heap 2M
 Heap Min Capacity: 100M
 Heap Initial Capacity: 100M
 Heap Max Capacity: 4G
 Pre-touch: Disabled
 Parallel Workers: 4
Heap:
 PSYoungGen      total 21504K, used 12214K [0x00000007aab00000, 0x00000007ac680000, 0x0000000800000000)
  eden space 19968K, 55% used [0x00000007aab00000,0x00000007ab5d5c78,0x00000007abe80000)
  from space 1536K, 72% used [0x00000007ac500000,0x00000007ac617c18,0x00000007ac680000)
  to   space 3072K, 0% used [0x00000007ac080000,0x00000007ac080000,0x00000007ac380000)
 ParOldGen       total 68608K, used 48837K [0x0000000700000000, 0x0000000704300000, 0x00000007aab00000)
  object space 68608K, 71% used [0x0000000700000000,0x0000000702fb17b0,0x0000000704300000)
 Metaspace       used 63963K, committed 65344K, reserved 1114112K
  class space    used 6770K, committed 7360K, reserved 1048576K
GC Heap History (20 events):
Event: 46.171 GC heap before
{Heap before GC invocations=30 (full 2):
 PSYoungGen      total 24064K, used 23724K [0x00000007aab00000, 0x00000007ac680000, 0x0000000800000000)
  eden space 19968K, 100% used [0x00000007aab00000,0x00000007abe80000,0x00000007abe80000)
  from space 4096K, 91% used [0x00000007abe80000,0x00000007ac22b2f0,0x00000007ac280000)
  to   space 4096K, 0% used [0x00000007ac280000,0x00000007ac280000,0x00000007ac680000)
 ParOldGen       total 68608K, used 39766K [0x0000000700000000, 0x0000000704300000, 0x00000007aab00000)
  object space 68608K, 57% used [0x0000000700000000,0x00000007026d5958,0x0000000704300000)
 Metaspace       used 51234K, committed 52480K, reserved 1114112K
  class space    used 5565K, committed 6080K, reserved 1048576K
}
Event: 46.177 GC heap after
{Heap after GC invocations=30 (full 2):
 PSYoungGen      total 20992K, used 854K [0x00000007aab00000, 0x00000007ac380000, 0x0000000800000000)
  eden space 19968K, 0% used [0x00000007aab00000,0x00000007aab00000,0x00000007abe80000)
  from space 1024K, 83% used [0x00000007ac280000,0x00000007ac3559c0,0x00000007ac380000)
  to   space 2048K, 0% used [0x00000007abf80000,0x00000007abf80000,0x00000007ac180000)
 ParOldGen       total 68608K, used 43060K [0x0000000700000000, 0x0000000704300000, 0x00000007aab00000)
  object space 68608K, 62% used [0x0000000700000000,0x0000000702a0d3c8,0x0000000704300000)
 Metaspace       used 51234K, committed 52480K, reserved 1114112K
  class space    used 5565K, committed 6080K, reserved 1048576K
}
Event: 46.533 GC heap before
{Heap before GC invocations=31 (full 2):
 PSYoungGen      total 20992K, used 20822K [0x00000007aab00000, 0x00000007ac380000, 0x0000000800000000)
  eden space 19968K, 100% used [0x00000007aab00000,0x00000007abe80000,0x00000007abe80000)
  from space 1024K, 83% used [0x00000007ac280000,0x00000007ac3559c0,0x00000007ac380000)
  to   space 2048K, 0% used [0x00000007abf80000,0x00000007abf80000,0x00000007ac180000)
 ParOldGen       total 68608K, used 43060K [0x0000000700000000, 0x0000000704300000, 0x00000007aab00000)
  object space 68608K, 62% used [0x0000000700000000,0x0000000702a0d3c8,0x0000000704300000)
 Metaspace       used 52115K, committed 53376K, reserved 1114112K
  class space    used 5649K, committed 6208K, reserved 1048576K
}
Event: 46.535 GC heap after
{Heap after GC invocations=31 (full 2):
 PSYoungGen      total 22016K, used 96K [0x00000007aab00000, 0x00000007ac300000, 0x0000000800000000)
  eden space 19968K, 0% used [0x00000007aab00000,0x00000007aab00000,0x00000007abe80000)
  from space 2048K, 4% used [0x00000007abf80000,0x00000007abf98000,0x00000007ac180000)
  to   space 1024K, 0% used [0x00000007ac200000,0x00000007ac200000,0x00000007ac300000)
 ParOldGen       total 68608K, used 43076K [0x0000000700000000, 0x0000000704300000, 0x00000007aab00000)
  object space 68608K, 62% used [0x0000000700000000,0x0000000702a113c8,0x0000000704300000)
 Metaspace       used 52115K, committed 53376K, reserved 1114112K
  class space    used 5649K, committed 6208K, reserved 1048576K
}
Event: 47.121 GC heap before
{Heap before GC invocations=32 (full 2):
 PSYoungGen      total 22016K, used 20064K [0x00000007aab00000, 0x00000007ac300000, 0x0000000800000000)
  eden space 19968K, 100% used [0x00000007aab00000,0x00000007abe80000,0x00000007abe80000)
  from space 2048K, 4% used [0x00000007abf80000,0x00000007abf98000,0x00000007ac180000)
  to   space 1024K, 0% used [0x00000007ac200000,0x00000007ac200000,0x00000007ac300000)
 ParOldGen       total 68608K, used 43076K [0x0000000700000000, 0x0000000704300000, 0x00000007aab00000)
  object space 68608K, 62% used [0x0000000700000000,0x0000000702a113c8,0x0000000704300000)
 Metaspace       used 54180K, committed 55424K, reserved 1114112K
  class space    used 5805K, committed 6336K, reserved 1048576K
}
Event: 47.123 GC heap after
{Heap after GC invocations=32 (full 2):
 PSYoungGen      total 20480K, used 416K [0x00000007aab00000, 0x00000007ac280000, 0x0000000800000000)
  eden space 19968K, 0% used [0x00000007aab00000,0x00000007aab00000,0x00000007abe80000)
  from space 512K, 81% used [0x00000007ac200000,0x00000007ac268000,0x00000007ac280000)
  to   space 512K, 0% used [0x00000007ac180000,0x00000007ac180000,0x00000007ac200000)
 ParOldGen       total 68608K, used 43132K [0x0000000700000000, 0x0000000704300000, 0x00000007aab00000)
  object space 68608K, 62% used [0x0000000700000000,0x0000000702a1f3c8,0x0000000704300000)
 Metaspace       used 54180K, committed 55424K, reserved 1114112K
  class space    used 5805K, committed 6336K, reserved 1048576K
}
Event: 49.961 GC heap before
{Heap before GC invocations=33 (full 2):
 PSYoungGen      total 20480K, used 20384K [0x00000007aab00000, 0x00000007ac280000, 0x0000000800000000)
  eden space 19968K, 100% used [0x00000007aab00000,0x00000007abe80000,0x00000007abe80000)
  from space 512K, 81% used [0x00000007ac200000,0x00000007ac268000,0x00000007ac280000)
  to   space 512K, 0% used [0x00000007ac180000,0x00000007ac180000,0x00000007ac200000)
 ParOldGen       total 68608K, used 43132K [0x0000000700000000, 0x0000000704300000, 0x00000007aab00000)
  object space 68608K, 62% used [0x0000000700000000,0x0000000702a1f3c8,0x0000000704300000)
 Metaspace       used 56216K, committed 57472K, reserved 1114112K
  class space    used 6044K, committed 6592K, reserved 1048576K
}
Event: 49.972 GC heap after
{Heap after GC invocations=33 (full 2):
 PSYoungGen      total 20480K, used 480K [0x00000007aab00000, 0x00000007ac280000, 0x0000000800000000)
  eden space 19968K, 0% used [0x00000007aab00000,0x00000007aab00000,0x00000007abe80000)
  from space 512K, 93% used [0x00000007ac180000,0x00000007ac1f8180,0x00000007ac200000)
  to   space 512K, 0% used [0x00000007ac200000,0x00000007ac200000,0x00000007ac280000)
 ParOldGen       total 68608K, used 44093K [0x0000000700000000, 0x0000000704300000, 0x00000007aab00000)
  object space 68608K, 64% used [0x0000000700000000,0x0000000702b0f6d0,0x0000000704300000)
 Metaspace       used 56216K, committed 57472K, reserved 1114112K
  class space    used 6044K, committed 6592K, reserved 1048576K
}
Event: 52.838 GC heap before
{Heap before GC invocations=34 (full 2):
 PSYoungGen      total 20480K, used 17437K [0x00000007aab00000, 0x00000007ac280000, 0x0000000800000000)
  eden space 19968K, 84% used [0x00000007aab00000,0x00000007abb8f2b8,0x00000007abe80000)
  from space 512K, 93% used [0x00000007ac180000,0x00000007ac1f8180,0x00000007ac200000)
  to   space 512K, 0% used [0x00000007ac200000,0x00000007ac200000,0x00000007ac280000)
 ParOldGen       total 68608K, used 44093K [0x0000000700000000, 0x0000000704300000, 0x00000007aab00000)
  object space 68608K, 64% used [0x0000000700000000,0x0000000702b0f6d0,0x0000000704300000)
 Metaspace       used 58536K, committed 59776K, reserved 1114112K
  class space    used 6280K, committed 6784K, reserved 1048576K
}
Event: 52.858 GC heap after
{Heap after GC invocations=34 (full 2):
 PSYoungGen      total 20480K, used 496K [0x00000007aab00000, 0x00000007ac280000, 0x0000000800000000)
  eden space 19968K, 0% used [0x00000007aab00000,0x00000007aab00000,0x00000007abe80000)
  from space 512K, 96% used [0x00000007ac200000,0x00000007ac27c038,0x00000007ac280000)
  to   space 1536K, 0% used [0x00000007abf80000,0x00000007abf80000,0x00000007ac100000)
 ParOldGen       total 68608K, used 44847K [0x0000000700000000, 0x0000000704300000, 0x00000007aab00000)
  object space 68608K, 65% used [0x0000000700000000,0x0000000702bcbdb0,0x0000000704300000)
 Metaspace       used 58536K, committed 59776K, reserved 1114112K
  class space    used 6280K, committed 6784K, reserved 1048576K
}
Event: 52.859 GC heap before
{Heap before GC invocations=35 (full 3):
 PSYoungGen      total 20480K, used 496K [0x00000007aab00000, 0x00000007ac280000, 0x0000000800000000)
  eden space 19968K, 0% used [0x00000007aab00000,0x00000007aab00000,0x00000007abe80000)
  from space 512K, 96% used [0x00000007ac200000,0x00000007ac27c038,0x00000007ac280000)
  to   space 1536K, 0% used [0x00000007abf80000,0x00000007abf80000,0x00000007ac100000)
 ParOldGen       total 68608K, used 44847K [0x0000000700000000, 0x0000000704300000, 0x00000007aab00000)
  object space 68608K, 65% used [0x0000000700000000,0x0000000702bcbdb0,0x0000000704300000)
 Metaspace       used 58536K, committed 59776K, reserved 1114112K
  class space    used 6280K, committed 6784K, reserved 1048576K
}
Event: 54.221 GC heap after
{Heap after GC invocations=35 (full 3):
 PSYoungGen      total 20480K, used 0K [0x00000007aab00000, 0x00000007ac280000, 0x0000000800000000)
  eden space 19968K, 0% used [0x00000007aab00000,0x00000007aab00000,0x00000007abe80000)
  from space 512K, 0% used [0x00000007ac200000,0x00000007ac200000,0x00000007ac280000)
  to   space 1536K, 0% used [0x00000007abf80000,0x00000007abf80000,0x00000007ac100000)
 ParOldGen       total 68608K, used 41641K [0x0000000700000000, 0x0000000704300000, 0x00000007aab00000)
  object space 68608K, 60% used [0x0000000700000000,0x00000007028aa6e0,0x0000000704300000)
 Metaspace       used 58534K, committed 59776K, reserved 1114112K
  class space    used 6280K, committed 6784K, reserved 1048576K
}
Event: 55.372 GC heap before
{Heap before GC invocations=36 (full 3):
 PSYoungGen      total 20480K, used 19968K [0x00000007aab00000, 0x00000007ac280000, 0x0000000800000000)
  eden space 19968K, 100% used [0x00000007aab00000,0x00000007abe80000,0x00000007abe80000)
  from space 512K, 0% used [0x00000007ac200000,0x00000007ac200000,0x00000007ac280000)
  to   space 1536K, 0% used [0x00000007abf80000,0x00000007abf80000,0x00000007ac100000)
 ParOldGen       total 68608K, used 41641K [0x0000000700000000, 0x0000000704300000, 0x00000007aab00000)
  object space 68608K, 60% used [0x0000000700000000,0x00000007028aa6e0,0x0000000704300000)
 Metaspace       used 60232K, committed 61568K, reserved 1114112K
  class space    used 6438K, committed 6976K, reserved 1048576K
}
Event: 55.378 GC heap after
{Heap after GC invocations=36 (full 3):
 PSYoungGen      total 21504K, used 1515K [0x00000007aab00000, 0x00000007ac280000, 0x0000000800000000)
  eden space 19968K, 0% used [0x00000007aab00000,0x00000007aab00000,0x00000007abe80000)
  from space 1536K, 98% used [0x00000007abf80000,0x00000007ac0fae88,0x00000007ac100000)
  to   space 1536K, 0% used [0x00000007ac100000,0x00000007ac100000,0x00000007ac280000)
 ParOldGen       total 68608K, used 41657K [0x0000000700000000, 0x0000000704300000, 0x00000007aab00000)
  object space 68608K, 60% used [0x0000000700000000,0x00000007028ae6e0,0x0000000704300000)
 Metaspace       used 60232K, committed 61568K, reserved 1114112K
  class space    used 6438K, committed 6976K, reserved 1048576K
}
Event: 58.285 GC heap before
{Heap before GC invocations=37 (full 3):
 PSYoungGen      total 21504K, used 21475K [0x00000007aab00000, 0x00000007ac280000, 0x0000000800000000)
  eden space 19968K, 99% used [0x00000007aab00000,0x00000007abe7df40,0x00000007abe80000)
  from space 1536K, 98% used [0x00000007abf80000,0x00000007ac0fae88,0x00000007ac100000)
  to   space 1536K, 0% used [0x00000007ac100000,0x00000007ac100000,0x00000007ac280000)
 ParOldGen       total 68608K, used 41657K [0x0000000700000000, 0x0000000704300000, 0x00000007aab00000)
  object space 68608K, 60% used [0x0000000700000000,0x00000007028ae6e0,0x0000000704300000)
 Metaspace       used 61528K, committed 62912K, reserved 1114112K
  class space    used 6528K, committed 7104K, reserved 1048576K
}
Event: 58.303 GC heap after
{Heap after GC invocations=37 (full 3):
 PSYoungGen      total 21504K, used 1372K [0x00000007aab00000, 0x00000007ac280000, 0x0000000800000000)
  eden space 19968K, 0% used [0x00000007aab00000,0x00000007aab00000,0x00000007abe80000)
  from space 1536K, 89% used [0x00000007ac100000,0x00000007ac257360,0x00000007ac280000)
  to   space 1536K, 0% used [0x00000007abf80000,0x00000007abf80000,0x00000007ac100000)
 ParOldGen       total 68608K, used 43073K [0x0000000700000000, 0x0000000704300000, 0x00000007aab00000)
  object space 68608K, 62% used [0x0000000700000000,0x0000000702a105a0,0x0000000704300000)
 Metaspace       used 61528K, committed 62912K, reserved 1114112K
  class space    used 6528K, committed 7104K, reserved 1048576K
}
Event: 59.219 GC heap before
{Heap before GC invocations=38 (full 3):
 PSYoungGen      total 21504K, used 21256K [0x00000007aab00000, 0x00000007ac280000, 0x0000000800000000)
  eden space 19968K, 99% used [0x00000007aab00000,0x00000007abe6af30,0x00000007abe80000)
  from space 1536K, 89% used [0x00000007ac100000,0x00000007ac257360,0x00000007ac280000)
  to   space 1536K, 0% used [0x00000007abf80000,0x00000007abf80000,0x00000007ac100000)
 ParOldGen       total 68608K, used 43073K [0x0000000700000000, 0x0000000704300000, 0x00000007aab00000)
  object space 68608K, 62% used [0x0000000700000000,0x0000000702a105a0,0x0000000704300000)
 Metaspace       used 62957K, committed 64320K, reserved 1114112K
  class space    used 6681K, committed 7296K, reserved 1048576K
}
Event: 59.233 GC heap after
{Heap after GC invocations=38 (full 3):
 PSYoungGen      total 21504K, used 1504K [0x00000007aab00000, 0x00000007acb80000, 0x0000000800000000)
  eden space 19968K, 0% used [0x00000007aab00000,0x00000007aab00000,0x00000007abe80000)
  from space 1536K, 97% used [0x00000007abf80000,0x00000007ac0f8290,0x00000007ac100000)
  to   space 6656K, 0% used [0x00000007ac500000,0x00000007ac500000,0x00000007acb80000)
 ParOldGen       total 68608K, used 47418K [0x0000000700000000, 0x0000000704300000, 0x00000007aab00000)
  object space 68608K, 69% used [0x0000000700000000,0x0000000702e4eaa8,0x0000000704300000)
 Metaspace       used 62957K, committed 64320K, reserved 1114112K
  class space    used 6681K, committed 7296K, reserved 1048576K
}
Event: 228.253 GC heap before
{Heap before GC invocations=39 (full 3):
 PSYoungGen      total 21504K, used 21472K [0x00000007aab00000, 0x00000007acb80000, 0x0000000800000000)
  eden space 19968K, 100% used [0x00000007aab00000,0x00000007abe80000,0x00000007abe80000)
  from space 1536K, 97% used [0x00000007abf80000,0x00000007ac0f8290,0x00000007ac100000)
  to   space 6656K, 0% used [0x00000007ac500000,0x00000007ac500000,0x00000007acb80000)
 ParOldGen       total 68608K, used 47418K [0x0000000700000000, 0x0000000704300000, 0x00000007aab00000)
  object space 68608K, 69% used [0x0000000700000000,0x0000000702e4eaa8,0x0000000704300000)
 Metaspace       used 63655K, committed 65024K, reserved 1114112K
  class space    used 6739K, committed 7296K, reserved 1048576K
}
Event: 228.367 GC heap after
{Heap after GC invocations=39 (full 3):
 PSYoungGen      total 21504K, used 1119K [0x00000007aab00000, 0x00000007ac680000, 0x0000000800000000)
  eden space 19968K, 0% used [0x00000007aab00000,0x00000007aab00000,0x00000007abe80000)
  from space 1536K, 72% used [0x00000007ac500000,0x00000007ac617c18,0x00000007ac680000)
  to   space 3072K, 0% used [0x00000007ac080000,0x00000007ac080000,0x00000007ac380000)
 ParOldGen       total 68608K, used 48837K [0x0000000700000000, 0x0000000704300000, 0x00000007aab00000)
  object space 68608K, 71% used [0x0000000700000000,0x0000000702fb17b0,0x0000000704300000)
 Metaspace       used 63655K, committed 65024K, reserved 1114112K
  class space    used 6739K, committed 7296K, reserved 1048576K
}

